This file contains any messages produced by compilers while
running configure, to aid debugging if configure makes a mistake.

It was created by spawn-fcgi configure 1.6.3, which was
generated by GNU Autoconf 2.69.  Invocation command line was

  $ ./configure --no-create --no-recursion

## --------- ##
## Platform. ##
## --------- ##

hostname = VM-77-94-centos
uname -m = x86_64
uname -r = 3.10.0-1160.11.1.el7.x86_64
uname -s = Linux
uname -v = #1 SMP Fri Dec 18 16:34:56 UTC 2020

/usr/bin/uname -p = x86_64
/bin/uname -X     = unknown

/bin/arch              = x86_64
/usr/bin/arch -k       = unknown
/usr/convex/getsysinfo = unknown
/usr/bin/hostinfo      = unknown
/bin/machine           = unknown
/usr/bin/oslevel       = unknown
/bin/universe          = unknown

PATH: /usr/local/sbin
PATH: /usr/local/bin
PATH: /usr/sbin
PATH: /usr/bin
PATH: /root/bin


## ----------- ##
## Core tests. ##
## ----------- ##

configure:2233: checking for a BSD-compatible install
configure:2301: result: /usr/bin/install -c
configure:2312: checking whether build environment is sane
configure:2362: result: yes
configure:2503: checking for a thread-safe mkdir -p
configure:2542: result: /usr/bin/mkdir -p
configure:2555: checking for gawk
configure:2571: found /usr/bin/gawk
configure:2582: result: gawk
configure:2593: checking whether make sets $(MAKE)
configure:2615: result: yes
configure:2745: checking for gcc
configure:2761: found /usr/bin/gcc
configure:2772: result: gcc
configure:3001: checking for C compiler version
configure:3010: gcc --version >&5
gcc (GCC) 4.8.5 20150623 (Red Hat 4.8.5-44)
Copyright (C) 2015 Free Software Foundation, Inc.
This is free software; see the source for copying conditions.  There is NO
warranty; not even for MERCHANTABILITY or FITNESS FOR A PARTICULAR PURPOSE.

configure:3021: $? = 0
configure:3010: gcc -v >&5
Using built-in specs.
COLLECT_GCC=gcc
COLLECT_LTO_WRAPPER=/usr/libexec/gcc/x86_64-redhat-linux/4.8.5/lto-wrapper
Target: x86_64-redhat-linux
Configured with: ../configure --prefix=/usr --mandir=/usr/share/man --infodir=/usr/share/info --with-bugurl=http://bugzilla.redhat.com/bugzilla --enable-bootstrap --enable-shared --enable-threads=posix --enable-checking=release --with-system-zlib --enable-__cxa_atexit --disable-libunwind-exceptions --enable-gnu-unique-object --enable-linker-build-id --with-linker-hash-style=gnu --enable-languages=c,c++,objc,obj-c++,java,fortran,ada,go,lto --enable-plugin --enable-initfini-array --disable-libgcj --with-isl=/builddir/build/BUILD/gcc-4.8.5-20150702/obj-x86_64-redhat-linux/isl-install --with-cloog=/builddir/build/BUILD/gcc-4.8.5-20150702/obj-x86_64-redhat-linux/cloog-install --enable-gnu-indirect-function --with-tune=generic --with-arch_32=x86-64 --build=x86_64-redhat-linux
Thread model: posix
gcc version 4.8.5 20150623 (Red Hat 4.8.5-44) (GCC) 
configure:3021: $? = 0
configure:3010: gcc -V >&5
gcc: error: unrecognized command line option '-V'
gcc: fatal error: no input files
compilation terminated.
configure:3021: $? = 4
configure:3010: gcc -qversion >&5
gcc: error: unrecognized command line option '-qversion'
gcc: fatal error: no input files
compilation terminated.
configure:3021: $? = 4
configure:3041: checking whether the C compiler works
configure:3063: gcc    conftest.c  >&5
configure:3067: $? = 0
configure:3115: result: yes
configure:3118: checking for C compiler default output file name
configure:3120: result: a.out
configure:3126: checking for suffix of executables
configure:3133: gcc -o conftest    conftest.c  >&5
configure:3137: $? = 0
configure:3159: result: 
configure:3181: checking whether we are cross compiling
configure:3189: gcc -o conftest    conftest.c  >&5
configure:3193: $? = 0
configure:3200: ./conftest
configure:3204: $? = 0
configure:3219: result: no
configure:3224: checking for suffix of object files
configure:3246: gcc -c   conftest.c >&5
configure:3250: $? = 0
configure:3271: result: o
configure:3275: checking whether we are using the GNU C compiler
configure:3294: gcc -c   conftest.c >&5
configure:3294: $? = 0
configure:3303: result: yes
configure:3312: checking whether gcc accepts -g
configure:3332: gcc -c -g  conftest.c >&5
configure:3332: $? = 0
configure:3373: result: yes
configure:3390: checking for gcc option to accept ISO C89
configure:3453: gcc  -c -g -O2  conftest.c >&5
configure:3453: $? = 0
configure:3466: result: none needed
configure:3497: checking for style of include used by make
configure:3525: result: GNU
configure:3550: checking dependency style of gcc
configure:3660: result: gcc3
configure:3675: checking whether make sets $(MAKE)
configure:3697: result: yes
configure:3716: checking how to run the C preprocessor
configure:3747: gcc -E  conftest.c
configure:3747: $? = 0
configure:3761: gcc -E  conftest.c
conftest.c:11:28: fatal error: ac_nonexistent.h: No such file or directory
 #include <ac_nonexistent.h>
                            ^
compilation terminated.
configure:3761: $? = 1
configure: failed program was:
| /* confdefs.h */
| #define PACKAGE_NAME "spawn-fcgi"
| #define PACKAGE_TARNAME "spawn-fcgi"
| #define PACKAGE_VERSION "1.6.3"
| #define PACKAGE_STRING "spawn-fcgi 1.6.3"
| #define PACKAGE_BUGREPORT ""
| #define PACKAGE_URL ""
| #define PACKAGE "spawn-fcgi"
| #define VERSION "1.6.3"
| /* end confdefs.h.  */
| #include <ac_nonexistent.h>
configure:3786: result: gcc -E
configure:3806: gcc -E  conftest.c
configure:3806: $? = 0
configure:3820: gcc -E  conftest.c
conftest.c:11:28: fatal error: ac_nonexistent.h: No such file or directory
 #include <ac_nonexistent.h>
                            ^
compilation terminated.
configure:3820: $? = 1
configure: failed program was:
| /* confdefs.h */
| #define PACKAGE_NAME "spawn-fcgi"
| #define PACKAGE_TARNAME "spawn-fcgi"
| #define PACKAGE_VERSION "1.6.3"
| #define PACKAGE_STRING "spawn-fcgi 1.6.3"
| #define PACKAGE_BUGREPORT ""
| #define PACKAGE_URL ""
| #define PACKAGE "spawn-fcgi"
| #define VERSION "1.6.3"
| /* end confdefs.h.  */
| #include <ac_nonexistent.h>
configure:3849: checking for grep that handles long lines and -e
configure:3907: result: /usr/bin/grep
configure:3912: checking for egrep
configure:3974: result: /usr/bin/grep -E
configure:3979: checking for ANSI C header files
configure:3999: gcc -c -g -O2  conftest.c >&5
configure:3999: $? = 0
configure:4072: gcc -o conftest -g -O2   conftest.c  >&5
configure:4072: $? = 0
configure:4072: ./conftest
configure:4072: $? = 0
configure:4083: result: yes
configure:4091: checking for sys/wait.h that is POSIX.1 compatible
configure:4117: gcc -c -g -O2  conftest.c >&5
configure:4117: $? = 0
configure:4124: result: yes
configure:4137: checking for sys/types.h
configure:4137: gcc -c -g -O2  conftest.c >&5
configure:4137: $? = 0
configure:4137: result: yes
configure:4137: checking for sys/stat.h
configure:4137: gcc -c -g -O2  conftest.c >&5
configure:4137: $? = 0
configure:4137: result: yes
configure:4137: checking for stdlib.h
configure:4137: gcc -c -g -O2  conftest.c >&5
configure:4137: $? = 0
configure:4137: result: yes
configure:4137: checking for string.h
configure:4137: gcc -c -g -O2  conftest.c >&5
configure:4137: $? = 0
configure:4137: result: yes
configure:4137: checking for memory.h
configure:4137: gcc -c -g -O2  conftest.c >&5
configure:4137: $? = 0
configure:4137: result: yes
configure:4137: checking for strings.h
configure:4137: gcc -c -g -O2  conftest.c >&5
configure:4137: $? = 0
configure:4137: result: yes
configure:4137: checking for inttypes.h
configure:4137: gcc -c -g -O2  conftest.c >&5
configure:4137: $? = 0
configure:4137: result: yes
configure:4137: checking for stdint.h
configure:4137: gcc -c -g -O2  conftest.c >&5
configure:4137: $? = 0
configure:4137: result: yes
configure:4137: checking for unistd.h
configure:4137: gcc -c -g -O2  conftest.c >&5
configure:4137: $? = 0
configure:4137: result: yes
configure:4155: checking arpa/inet.h usability
configure:4155: gcc -c -g -O2  conftest.c >&5
configure:4155: $? = 0
configure:4155: result: yes
configure:4155: checking arpa/inet.h presence
configure:4155: gcc -E  conftest.c
configure:4155: $? = 0
configure:4155: result: yes
configure:4155: checking for arpa/inet.h
configure:4155: result: yes
configure:4155: checking errno.h usability
configure:4155: gcc -c -g -O2  conftest.c >&5
configure:4155: $? = 0
configure:4155: result: yes
configure:4155: checking errno.h presence
configure:4155: gcc -E  conftest.c
configure:4155: $? = 0
configure:4155: result: yes
configure:4155: checking for errno.h
configure:4155: result: yes
configure:4155: checking fcntl.h usability
configure:4155: gcc -c -g -O2  conftest.c >&5
configure:4155: $? = 0
configure:4155: result: yes
configure:4155: checking fcntl.h presence
configure:4155: gcc -E  conftest.c
configure:4155: $? = 0
configure:4155: result: yes
configure:4155: checking for fcntl.h
configure:4155: result: yes
configure:4155: checking getopt.h usability
configure:4155: gcc -c -g -O2  conftest.c >&5
configure:4155: $? = 0
configure:4155: result: yes
configure:4155: checking getopt.h presence
configure:4155: gcc -E  conftest.c
configure:4155: $? = 0
configure:4155: result: yes
configure:4155: checking for getopt.h
configure:4155: result: yes
configure:4155: checking grp.h usability
configure:4155: gcc -c -g -O2  conftest.c >&5
configure:4155: $? = 0
configure:4155: result: yes
configure:4155: checking grp.h presence
configure:4155: gcc -E  conftest.c
configure:4155: $? = 0
configure:4155: result: yes
configure:4155: checking for grp.h
configure:4155: result: yes
configure:4155: checking netdb.h usability
configure:4155: gcc -c -g -O2  conftest.c >&5
configure:4155: $? = 0
configure:4155: result: yes
configure:4155: checking netdb.h presence
configure:4155: gcc -E  conftest.c
configure:4155: $? = 0
configure:4155: result: yes
configure:4155: checking for netdb.h
configure:4155: result: yes
configure:4155: checking netinet/in.h usability
configure:4155: gcc -c -g -O2  conftest.c >&5
configure:4155: $? = 0
configure:4155: result: yes
configure:4155: checking netinet/in.h presence
configure:4155: gcc -E  conftest.c
configure:4155: $? = 0
configure:4155: result: yes
configure:4155: checking for netinet/in.h
configure:4155: result: yes
configure:4155: checking netinet/tcp.h usability
configure:4155: gcc -c -g -O2  conftest.c >&5
configure:4155: $? = 0
configure:4155: result: yes
configure:4155: checking netinet/tcp.h presence
configure:4155: gcc -E  conftest.c
configure:4155: $? = 0
configure:4155: result: yes
configure:4155: checking for netinet/tcp.h
configure:4155: result: yes
configure:4155: checking pwd.h usability
configure:4155: gcc -c -g -O2  conftest.c >&5
configure:4155: $? = 0
configure:4155: result: yes
configure:4155: checking pwd.h presence
configure:4155: gcc -E  conftest.c
configure:4155: $? = 0
configure:4155: result: yes
configure:4155: checking for pwd.h
configure:4155: result: yes
configure:4155: checking stdio.h usability
configure:4155: gcc -c -g -O2  conftest.c >&5
configure:4155: $? = 0
configure:4155: result: yes
configure:4155: checking stdio.h presence
configure:4155: gcc -E  conftest.c
configure:4155: $? = 0
configure:4155: result: yes
configure:4155: checking for stdio.h
configure:4155: result: yes
configure:4155: checking for stdlib.h
configure:4155: result: yes
configure:4155: checking for string.h
configure:4155: result: yes
configure:4155: checking sys/ioctl.h usability
configure:4155: gcc -c -g -O2  conftest.c >&5
configure:4155: $? = 0
configure:4155: result: yes
configure:4155: checking sys/ioctl.h presence
configure:4155: gcc -E  conftest.c
configure:4155: $? = 0
configure:4155: result: yes
configure:4155: checking for sys/ioctl.h
configure:4155: result: yes
configure:4155: checking sys/socket.h usability
configure:4155: gcc -c -g -O2  conftest.c >&5
configure:4155: $? = 0
configure:4155: result: yes
configure:4155: checking sys/socket.h presence
configure:4155: gcc -E  conftest.c
configure:4155: $? = 0
configure:4155: result: yes
configure:4155: checking for sys/socket.h
configure:4155: result: yes
configure:4155: checking for sys/stat.h
configure:4155: result: yes
configure:4155: checking sys/time.h usability
configure:4155: gcc -c -g -O2  conftest.c >&5
configure:4155: $? = 0
configure:4155: result: yes
configure:4155: checking sys/time.h presence
configure:4155: gcc -E  conftest.c
configure:4155: $? = 0
configure:4155: result: yes
configure:4155: checking for sys/time.h
configure:4155: result: yes
configure:4155: checking for sys/types.h
configure:4155: result: yes
configure:4155: checking sys/un.h usability
configure:4155: gcc -c -g -O2  conftest.c >&5
configure:4155: $? = 0
configure:4155: result: yes
configure:4155: checking sys/un.h presence
configure:4155: gcc -E  conftest.c
configure:4155: $? = 0
configure:4155: result: yes
configure:4155: checking for sys/un.h
configure:4155: result: yes
configure:4155: checking for sys/wait.h
configure:4155: result: yes
configure:4155: checking for unistd.h
configure:4155: result: yes
configure:4168: checking for an ANSI C-conforming const
configure:4234: gcc -c -g -O2  conftest.c >&5
configure:4234: $? = 0
configure:4241: result: yes
configure:4249: checking for uid_t in sys/types.h
configure:4268: result: yes
configure:4279: checking for pid_t
configure:4279: gcc -c -g -O2  conftest.c >&5
configure:4279: $? = 0
configure:4279: gcc -c -g -O2  conftest.c >&5
conftest.c: In function 'main':
conftest.c:78:20: error: expected expression before ')' token
 if (sizeof ((pid_t)))
                    ^
configure:4279: $? = 1
configure: failed program was:
| /* confdefs.h */
| #define PACKAGE_NAME "spawn-fcgi"
| #define PACKAGE_TARNAME "spawn-fcgi"
| #define PACKAGE_VERSION "1.6.3"
| #define PACKAGE_STRING "spawn-fcgi 1.6.3"
| #define PACKAGE_BUGREPORT ""
| #define PACKAGE_URL ""
| #define PACKAGE "spawn-fcgi"
| #define VERSION "1.6.3"
| #define STDC_HEADERS 1
| #define HAVE_SYS_WAIT_H 1
| #define HAVE_SYS_TYPES_H 1
| #define HAVE_SYS_STAT_H 1
| #define HAVE_STDLIB_H 1
| #define HAVE_STRING_H 1
| #define HAVE_MEMORY_H 1
| #define HAVE_STRINGS_H 1
| #define HAVE_INTTYPES_H 1
| #define HAVE_STDINT_H 1
| #define HAVE_UNISTD_H 1
| #define HAVE_ARPA_INET_H 1
| #define HAVE_ERRNO_H 1
| #define HAVE_FCNTL_H 1
| #define HAVE_GETOPT_H 1
| #define HAVE_GRP_H 1
| #define HAVE_NETDB_H 1
| #define HAVE_NETINET_IN_H 1
| #define HAVE_NETINET_TCP_H 1
| #define HAVE_PWD_H 1
| #define HAVE_STDIO_H 1
| #define HAVE_STDLIB_H 1
| #define HAVE_STRING_H 1
| #define HAVE_SYS_IOCTL_H 1
| #define HAVE_SYS_SOCKET_H 1
| #define HAVE_SYS_STAT_H 1
| #define HAVE_SYS_TIME_H 1
| #define HAVE_SYS_TYPES_H 1
| #define HAVE_SYS_UN_H 1
| #define HAVE_SYS_WAIT_H 1
| #define HAVE_UNISTD_H 1
| /* end confdefs.h.  */
| #include <stdio.h>
| #ifdef HAVE_SYS_TYPES_H
| # include <sys/types.h>
| #endif
| #ifdef HAVE_SYS_STAT_H
| # include <sys/stat.h>
| #endif
| #ifdef STDC_HEADERS
| # include <stdlib.h>
| # include <stddef.h>
| #else
| # ifdef HAVE_STDLIB_H
| #  include <stdlib.h>
| # endif
| #endif
| #ifdef HAVE_STRING_H
| # if !defined STDC_HEADERS && defined HAVE_MEMORY_H
| #  include <memory.h>
| # endif
| # include <string.h>
| #endif
| #ifdef HAVE_STRINGS_H
| # include <strings.h>
| #endif
| #ifdef HAVE_INTTYPES_H
| # include <inttypes.h>
| #endif
| #ifdef HAVE_STDINT_H
| # include <stdint.h>
| #endif
| #ifdef HAVE_UNISTD_H
| # include <unistd.h>
| #endif
| int
| main ()
| {
| if (sizeof ((pid_t)))
| 	    return 0;
|   ;
|   return 0;
| }
configure:4279: result: yes
configure:4290: checking whether time.h and sys/time.h may both be included
configure:4310: gcc -c -g -O2  conftest.c >&5
configure:4310: $? = 0
configure:4317: result: yes
configure:4325: checking for socklen_t
configure:4325: gcc -c -g -O2  conftest.c >&5
configure:4325: $? = 0
configure:4325: gcc -c -g -O2  conftest.c >&5
conftest.c: In function 'main':
conftest.c:49:24: error: expected expression before ')' token
 if (sizeof ((socklen_t)))
                        ^
configure:4325: $? = 1
configure: failed program was:
| /* confdefs.h */
| #define PACKAGE_NAME "spawn-fcgi"
| #define PACKAGE_TARNAME "spawn-fcgi"
| #define PACKAGE_VERSION "1.6.3"
| #define PACKAGE_STRING "spawn-fcgi 1.6.3"
| #define PACKAGE_BUGREPORT ""
| #define PACKAGE_URL ""
| #define PACKAGE "spawn-fcgi"
| #define VERSION "1.6.3"
| #define STDC_HEADERS 1
| #define HAVE_SYS_WAIT_H 1
| #define HAVE_SYS_TYPES_H 1
| #define HAVE_SYS_STAT_H 1
| #define HAVE_STDLIB_H 1
| #define HAVE_STRING_H 1
| #define HAVE_MEMORY_H 1
| #define HAVE_STRINGS_H 1
| #define HAVE_INTTYPES_H 1
| #define HAVE_STDINT_H 1
| #define HAVE_UNISTD_H 1
| #define HAVE_ARPA_INET_H 1
| #define HAVE_ERRNO_H 1
| #define HAVE_FCNTL_H 1
| #define HAVE_GETOPT_H 1
| #define HAVE_GRP_H 1
| #define HAVE_NETDB_H 1
| #define HAVE_NETINET_IN_H 1
| #define HAVE_NETINET_TCP_H 1
| #define HAVE_PWD_H 1
| #define HAVE_STDIO_H 1
| #define HAVE_STDLIB_H 1
| #define HAVE_STRING_H 1
| #define HAVE_SYS_IOCTL_H 1
| #define HAVE_SYS_SOCKET_H 1
| #define HAVE_SYS_STAT_H 1
| #define HAVE_SYS_TIME_H 1
| #define HAVE_SYS_TYPES_H 1
| #define HAVE_SYS_UN_H 1
| #define HAVE_SYS_WAIT_H 1
| #define HAVE_UNISTD_H 1
| #define TIME_WITH_SYS_TIME 1
| /* end confdefs.h.  */
| #include <sys/types.h>
| #include <sys/socket.h>
| 
| int
| main ()
| {
| if (sizeof ((socklen_t)))
| 	    return 0;
|   ;
|   return 0;
| }
configure:4325: result: yes
configure:4339: checking for library containing socket
configure:4370: gcc -o conftest -g -O2   conftest.c  >&5
configure:4370: $? = 0
configure:4387: result: none required
configure:4395: checking for library containing inet_addr
configure:4426: gcc -o conftest -g -O2   conftest.c  >&5
configure:4426: $? = 0
configure:4443: result: none required
configure:4455: checking for unistd.h
configure:4455: result: yes
configure:4465: checking for working chown
configure:4498: gcc -o conftest -g -O2   conftest.c  >&5
configure:4498: $? = 0
configure:4498: ./conftest
configure:4498: $? = 0
configure:4510: result: yes
configure:4520: checking vfork.h usability
configure:4520: gcc -c -g -O2  conftest.c >&5
conftest.c:79:19: fatal error: vfork.h: No such file or directory
 #include <vfork.h>
                   ^
compilation terminated.
configure:4520: $? = 1
configure: failed program was:
| /* confdefs.h */
| #define PACKAGE_NAME "spawn-fcgi"
| #define PACKAGE_TARNAME "spawn-fcgi"
| #define PACKAGE_VERSION "1.6.3"
| #define PACKAGE_STRING "spawn-fcgi 1.6.3"
| #define PACKAGE_BUGREPORT ""
| #define PACKAGE_URL ""
| #define PACKAGE "spawn-fcgi"
| #define VERSION "1.6.3"
| #define STDC_HEADERS 1
| #define HAVE_SYS_WAIT_H 1
| #define HAVE_SYS_TYPES_H 1
| #define HAVE_SYS_STAT_H 1
| #define HAVE_STDLIB_H 1
| #define HAVE_STRING_H 1
| #define HAVE_MEMORY_H 1
| #define HAVE_STRINGS_H 1
| #define HAVE_INTTYPES_H 1
| #define HAVE_STDINT_H 1
| #define HAVE_UNISTD_H 1
| #define HAVE_ARPA_INET_H 1
| #define HAVE_ERRNO_H 1
| #define HAVE_FCNTL_H 1
| #define HAVE_GETOPT_H 1
| #define HAVE_GRP_H 1
| #define HAVE_NETDB_H 1
| #define HAVE_NETINET_IN_H 1
| #define HAVE_NETINET_TCP_H 1
| #define HAVE_PWD_H 1
| #define HAVE_STDIO_H 1
| #define HAVE_STDLIB_H 1
| #define HAVE_STRING_H 1
| #define HAVE_SYS_IOCTL_H 1
| #define HAVE_SYS_SOCKET_H 1
| #define HAVE_SYS_STAT_H 1
| #define HAVE_SYS_TIME_H 1
| #define HAVE_SYS_TYPES_H 1
| #define HAVE_SYS_UN_H 1
| #define HAVE_SYS_WAIT_H 1
| #define HAVE_UNISTD_H 1
| #define TIME_WITH_SYS_TIME 1
| #define HAVE_SOCKLEN_T 1
| #define HAVE_UNISTD_H 1
| #define HAVE_CHOWN 1
| /* end confdefs.h.  */
| #include <stdio.h>
| #ifdef HAVE_SYS_TYPES_H
| # include <sys/types.h>
| #endif
| #ifdef HAVE_SYS_STAT_H
| # include <sys/stat.h>
| #endif
| #ifdef STDC_HEADERS
| # include <stdlib.h>
| # include <stddef.h>
| #else
| # ifdef HAVE_STDLIB_H
| #  include <stdlib.h>
| # endif
| #endif
| #ifdef HAVE_STRING_H
| # if !defined STDC_HEADERS && defined HAVE_MEMORY_H
| #  include <memory.h>
| # endif
| # include <string.h>
| #endif
| #ifdef HAVE_STRINGS_H
| # include <strings.h>
| #endif
| #ifdef HAVE_INTTYPES_H
| # include <inttypes.h>
| #endif
| #ifdef HAVE_STDINT_H
| # include <stdint.h>
| #endif
| #ifdef HAVE_UNISTD_H
| # include <unistd.h>
| #endif
| #include <vfork.h>
configure:4520: result: no
configure:4520: checking vfork.h presence
configure:4520: gcc -E  conftest.c
conftest.c:46:19: fatal error: vfork.h: No such file or directory
 #include <vfork.h>
                   ^
compilation terminated.
configure:4520: $? = 1
configure: failed program was:
| /* confdefs.h */
| #define PACKAGE_NAME "spawn-fcgi"
| #define PACKAGE_TARNAME "spawn-fcgi"
| #define PACKAGE_VERSION "1.6.3"
| #define PACKAGE_STRING "spawn-fcgi 1.6.3"
| #define PACKAGE_BUGREPORT ""
| #define PACKAGE_URL ""
| #define PACKAGE "spawn-fcgi"
| #define VERSION "1.6.3"
| #define STDC_HEADERS 1
| #define HAVE_SYS_WAIT_H 1
| #define HAVE_SYS_TYPES_H 1
| #define HAVE_SYS_STAT_H 1
| #define HAVE_STDLIB_H 1
| #define HAVE_STRING_H 1
| #define HAVE_MEMORY_H 1
| #define HAVE_STRINGS_H 1
| #define HAVE_INTTYPES_H 1
| #define HAVE_STDINT_H 1
| #define HAVE_UNISTD_H 1
| #define HAVE_ARPA_INET_H 1
| #define HAVE_ERRNO_H 1
| #define HAVE_FCNTL_H 1
| #define HAVE_GETOPT_H 1
| #define HAVE_GRP_H 1
| #define HAVE_NETDB_H 1
| #define HAVE_NETINET_IN_H 1
| #define HAVE_NETINET_TCP_H 1
| #define HAVE_PWD_H 1
| #define HAVE_STDIO_H 1
| #define HAVE_STDLIB_H 1
| #define HAVE_STRING_H 1
| #define HAVE_SYS_IOCTL_H 1
| #define HAVE_SYS_SOCKET_H 1
| #define HAVE_SYS_STAT_H 1
| #define HAVE_SYS_TIME_H 1
| #define HAVE_SYS_TYPES_H 1
| #define HAVE_SYS_UN_H 1
| #define HAVE_SYS_WAIT_H 1
| #define HAVE_UNISTD_H 1
| #define TIME_WITH_SYS_TIME 1
| #define HAVE_SOCKLEN_T 1
| #define HAVE_UNISTD_H 1
| #define HAVE_CHOWN 1
| /* end confdefs.h.  */
| #include <vfork.h>
configure:4520: result: no
configure:4520: checking for vfork.h
configure:4520: result: no
configure:4533: checking for fork
configure:4533: gcc -o conftest -g -O2   conftest.c  >&5
conftest.c:69:6: warning: conflicting types for built-in function 'fork' [enabled by default]
 char fork ();
      ^
configure:4533: $? = 0
configure:4533: result: yes
configure:4533: checking for vfork
configure:4533: gcc -o conftest -g -O2   conftest.c  >&5
configure:4533: $? = 0
configure:4533: result: yes
configure:4543: checking for working fork
configure:4565: gcc -o conftest -g -O2   conftest.c  >&5
configure:4565: $? = 0
configure:4565: ./conftest
configure:4565: $? = 0
configure:4575: result: yes
configure:4596: checking for working vfork
configure:4706: result: yes
configure:4733: checking for stdlib.h
configure:4733: result: yes
configure:4743: checking for GNU libc compatible malloc
configure:4767: gcc -o conftest -g -O2   conftest.c  >&5
configure:4767: $? = 0
configure:4767: ./conftest
configure:4767: $? = 0
configure:4777: result: yes
configure:4801: checking sys/select.h usability
configure:4801: gcc -c -g -O2  conftest.c >&5
configure:4801: $? = 0
configure:4801: result: yes
configure:4801: checking sys/select.h presence
configure:4801: gcc -E  conftest.c
configure:4801: $? = 0
configure:4801: result: yes
configure:4801: checking for sys/select.h
configure:4801: result: yes
configure:4801: checking for sys/socket.h
configure:4801: result: yes
configure:4811: checking types of arguments for select
configure:4839: gcc -c -g -O2  conftest.c >&5
configure:4839: $? = 0
configure:4850: result: int,fd_set *,struct timeval *
configure:4873: checking whether lstat correctly handles trailing slash
configure:4899: gcc -o conftest -g -O2   conftest.c  >&5
configure:4899: $? = 0
configure:4899: ./conftest
configure:4899: $? = 0
configure:4916: result: yes
configure:4935: checking whether stat accepts an empty string
configure:4955: gcc -o conftest -g -O2   conftest.c  >&5
configure:4955: $? = 0
configure:4955: ./conftest
configure:4955: $? = 0
configure:4965: result: no
configure:4984: checking for dup2
configure:4984: gcc -o conftest -g -O2   conftest.c  >&5
configure:4984: $? = 0
configure:4984: result: yes
configure:4984: checking for memset
configure:4984: gcc -o conftest -g -O2   conftest.c  >&5
conftest.c:82:6: warning: conflicting types for built-in function 'memset' [enabled by default]
 char memset ();
      ^
configure:4984: $? = 0
configure:4984: result: yes
configure:4984: checking for putenv
configure:4984: gcc -o conftest -g -O2   conftest.c  >&5
configure:4984: $? = 0
configure:4984: result: yes
configure:4984: checking for select
configure:4984: gcc -o conftest -g -O2   conftest.c  >&5
configure:4984: $? = 0
configure:4984: result: yes
configure:4984: checking for socket
configure:4984: gcc -o conftest -g -O2   conftest.c  >&5
configure:4984: $? = 0
configure:4984: result: yes
configure:4984: checking for strerror
configure:4984: gcc -o conftest -g -O2   conftest.c  >&5
configure:4984: $? = 0
configure:4984: result: yes
configure:4984: checking for strtol
configure:4984: gcc -o conftest -g -O2   conftest.c  >&5
configure:4984: $? = 0
configure:4984: result: yes
configure:4984: checking for issetugid
configure:4984: gcc -o conftest -g -O2   conftest.c  >&5
/tmp/ccacetXi.o: In function `main':
/home/arlenhuang/spawncgi/conftest.c:99: undefined reference to `issetugid'
collect2: error: ld returned 1 exit status
configure:4984: $? = 1
configure: failed program was:
| /* confdefs.h */
| #define PACKAGE_NAME "spawn-fcgi"
| #define PACKAGE_TARNAME "spawn-fcgi"
| #define PACKAGE_VERSION "1.6.3"
| #define PACKAGE_STRING "spawn-fcgi 1.6.3"
| #define PACKAGE_BUGREPORT ""
| #define PACKAGE_URL ""
| #define PACKAGE "spawn-fcgi"
| #define VERSION "1.6.3"
| #define STDC_HEADERS 1
| #define HAVE_SYS_WAIT_H 1
| #define HAVE_SYS_TYPES_H 1
| #define HAVE_SYS_STAT_H 1
| #define HAVE_STDLIB_H 1
| #define HAVE_STRING_H 1
| #define HAVE_MEMORY_H 1
| #define HAVE_STRINGS_H 1
| #define HAVE_INTTYPES_H 1
| #define HAVE_STDINT_H 1
| #define HAVE_UNISTD_H 1
| #define HAVE_ARPA_INET_H 1
| #define HAVE_ERRNO_H 1
| #define HAVE_FCNTL_H 1
| #define HAVE_GETOPT_H 1
| #define HAVE_GRP_H 1
| #define HAVE_NETDB_H 1
| #define HAVE_NETINET_IN_H 1
| #define HAVE_NETINET_TCP_H 1
| #define HAVE_PWD_H 1
| #define HAVE_STDIO_H 1
| #define HAVE_STDLIB_H 1
| #define HAVE_STRING_H 1
| #define HAVE_SYS_IOCTL_H 1
| #define HAVE_SYS_SOCKET_H 1
| #define HAVE_SYS_STAT_H 1
| #define HAVE_SYS_TIME_H 1
| #define HAVE_SYS_TYPES_H 1
| #define HAVE_SYS_UN_H 1
| #define HAVE_SYS_WAIT_H 1
| #define HAVE_UNISTD_H 1
| #define TIME_WITH_SYS_TIME 1
| #define HAVE_SOCKLEN_T 1
| #define HAVE_UNISTD_H 1
| #define HAVE_CHOWN 1
| #define HAVE_FORK 1
| #define HAVE_VFORK 1
| #define HAVE_WORKING_VFORK 1
| #define HAVE_WORKING_FORK 1
| #define HAVE_STDLIB_H 1
| #define HAVE_MALLOC 1
| #define HAVE_SYS_SELECT_H 1
| #define HAVE_SYS_SOCKET_H 1
| #define SELECT_TYPE_ARG1 int
| #define SELECT_TYPE_ARG234 (fd_set *)
| #define SELECT_TYPE_ARG5 (struct timeval *)
| #define LSTAT_FOLLOWS_SLASHED_SYMLINK 1
| #define HAVE_DUP2 1
| #define HAVE_MEMSET 1
| #define HAVE_PUTENV 1
| #define HAVE_SELECT 1
| #define HAVE_SOCKET 1
| #define HAVE_STRERROR 1
| #define HAVE_STRTOL 1
| /* end confdefs.h.  */
| /* Define issetugid to an innocuous variant, in case <limits.h> declares issetugid.
|    For example, HP-UX 11i <limits.h> declares gettimeofday.  */
| #define issetugid innocuous_issetugid
| 
| /* System header to define __stub macros and hopefully few prototypes,
|     which can conflict with char issetugid (); below.
|     Prefer <limits.h> to <assert.h> if __STDC__ is defined, since
|     <limits.h> exists even on freestanding compilers.  */
| 
| #ifdef __STDC__
| # include <limits.h>
| #else
| # include <assert.h>
| #endif
| 
| #undef issetugid
| 
| /* Override any GCC internal prototype to avoid an error.
|    Use char because int might match the return type of a GCC
|    builtin and then its argument prototype would still apply.  */
| #ifdef __cplusplus
| extern "C"
| #endif
| char issetugid ();
| /* The GNU C library defines this for functions which it implements
|     to always fail with ENOSYS.  Some functions are actually named
|     something starting with __ and the normal name is an alias.  */
| #if defined __stub_issetugid || defined __stub___issetugid
| choke me
| #endif
| 
| int
| main ()
| {
| return issetugid ();
|   ;
|   return 0;
| }
configure:4984: result: no
configure:4984: checking for inet_pton
configure:4984: gcc -o conftest -g -O2   conftest.c  >&5
configure:4984: $? = 0
configure:4984: result: yes
configure:5010: checking for IPv6 support
configure:5028: gcc -o conftest -g -O2   conftest.c  >&5
configure:5028: $? = 0
configure:5036: result: yes
configure:5200: creating ./config.status

## ---------------- ##
## Cache variables. ##
## ---------------- ##

ac_cv_c_compiler_gnu=yes
ac_cv_c_const=yes
ac_cv_env_CC_set=
ac_cv_env_CC_value=
ac_cv_env_CFLAGS_set=
ac_cv_env_CFLAGS_value=
ac_cv_env_CPPFLAGS_set=
ac_cv_env_CPPFLAGS_value=
ac_cv_env_CPP_set=
ac_cv_env_CPP_value=
ac_cv_env_LDFLAGS_set=
ac_cv_env_LDFLAGS_value=
ac_cv_env_LIBS_set=
ac_cv_env_LIBS_value=
ac_cv_env_build_alias_set=
ac_cv_env_build_alias_value=
ac_cv_env_host_alias_set=
ac_cv_env_host_alias_value=
ac_cv_env_target_alias_set=
ac_cv_env_target_alias_value=
ac_cv_func_chown_works=yes
ac_cv_func_dup2=yes
ac_cv_func_fork=yes
ac_cv_func_fork_works=yes
ac_cv_func_inet_pton=yes
ac_cv_func_issetugid=no
ac_cv_func_lstat_dereferences_slashed_symlink=yes
ac_cv_func_malloc_0_nonnull=yes
ac_cv_func_memset=yes
ac_cv_func_putenv=yes
ac_cv_func_select=yes
ac_cv_func_select_args='int,fd_set *,struct timeval *'
ac_cv_func_socket=yes
ac_cv_func_stat_empty_string_bug=no
ac_cv_func_strerror=yes
ac_cv_func_strtol=yes
ac_cv_func_vfork=yes
ac_cv_func_vfork_works=yes
ac_cv_header_arpa_inet_h=yes
ac_cv_header_errno_h=yes
ac_cv_header_fcntl_h=yes
ac_cv_header_getopt_h=yes
ac_cv_header_grp_h=yes
ac_cv_header_inttypes_h=yes
ac_cv_header_memory_h=yes
ac_cv_header_netdb_h=yes
ac_cv_header_netinet_in_h=yes
ac_cv_header_netinet_tcp_h=yes
ac_cv_header_pwd_h=yes
ac_cv_header_stdc=yes
ac_cv_header_stdint_h=yes
ac_cv_header_stdio_h=yes
ac_cv_header_stdlib_h=yes
ac_cv_header_string_h=yes
ac_cv_header_strings_h=yes
ac_cv_header_sys_ioctl_h=yes
ac_cv_header_sys_select_h=yes
ac_cv_header_sys_socket_h=yes
ac_cv_header_sys_stat_h=yes
ac_cv_header_sys_time_h=yes
ac_cv_header_sys_types_h=yes
ac_cv_header_sys_un_h=yes
ac_cv_header_sys_wait_h=yes
ac_cv_header_time=yes
ac_cv_header_unistd_h=yes
ac_cv_header_vfork_h=no
ac_cv_ipv6_support=yes
ac_cv_objext=o
ac_cv_path_EGREP='/usr/bin/grep -E'
ac_cv_path_GREP=/usr/bin/grep
ac_cv_path_install='/usr/bin/install -c'
ac_cv_path_mkdir=/usr/bin/mkdir
ac_cv_prog_AWK=gawk
ac_cv_prog_CPP='gcc -E'
ac_cv_prog_ac_ct_CC=gcc
ac_cv_prog_cc_c89=
ac_cv_prog_cc_g=yes
ac_cv_prog_make_make_set=yes
ac_cv_search_inet_addr='none required'
ac_cv_search_socket='none required'
ac_cv_type_pid_t=yes
ac_cv_type_socklen_t=yes
ac_cv_type_uid_t=yes
am_cv_CC_dependencies_compiler_type=gcc3

## ----------------- ##
## Output variables. ##
## ----------------- ##

ACLOCAL='${SHELL} /home/arlenhuang/spawncgi/missing --run aclocal-1.11'
AMDEPBACKSLASH='\'
AMDEP_FALSE='#'
AMDEP_TRUE=''
AMTAR='${SHELL} /home/arlenhuang/spawncgi/missing --run tar'
AUTOCONF='${SHELL} /home/arlenhuang/spawncgi/missing --run autoconf'
AUTOHEADER='${SHELL} /home/arlenhuang/spawncgi/missing --run autoheader'
AUTOMAKE='${SHELL} /home/arlenhuang/spawncgi/missing --run automake-1.11'
AWK='gawk'
CC='gcc'
CCDEPMODE='depmode=gcc3'
CFLAGS='-g -O2 -Wall -W -Wshadow -pedantic -std=gnu99'
CPP='gcc -E'
CPPFLAGS=''
CYGPATH_W='echo'
DEFS='-DHAVE_CONFIG_H'
DEPDIR='.deps'
ECHO_C=''
ECHO_N='-n'
ECHO_T=''
EGREP='/usr/bin/grep -E'
EXEEXT=''
GREP='/usr/bin/grep'
INSTALL_DATA='${INSTALL} -m 644'
INSTALL_PROGRAM='${INSTALL}'
INSTALL_SCRIPT='${INSTALL}'
INSTALL_STRIP_PROGRAM='$(install_sh) -c -s'
LDFLAGS=''
LIBOBJS=''
LIBS=''
LTLIBOBJS=''
MAKEINFO='${SHELL} /home/arlenhuang/spawncgi/missing --run makeinfo'
MKDIR_P='/usr/bin/mkdir -p'
OBJEXT='o'
PACKAGE='spawn-fcgi'
PACKAGE_BUGREPORT=''
PACKAGE_NAME='spawn-fcgi'
PACKAGE_STRING='spawn-fcgi 1.6.3'
PACKAGE_TARNAME='spawn-fcgi'
PACKAGE_URL=''
PACKAGE_VERSION='1.6.3'
PATH_SEPARATOR=':'
SET_MAKE=''
SHELL='/bin/sh'
STRIP=''
VERSION='1.6.3'
ac_ct_CC='gcc'
am__EXEEXT_FALSE=''
am__EXEEXT_TRUE='#'
am__fastdepCC_FALSE='#'
am__fastdepCC_TRUE=''
am__include='include'
am__isrc=''
am__leading_dot='.'
am__quote=''
am__tar='${AMTAR} chof - "$$tardir"'
am__untar='${AMTAR} xf -'
bindir='${exec_prefix}/bin'
build_alias=''
datadir='${datarootdir}'
datarootdir='${prefix}/share'
docdir='${datarootdir}/doc/${PACKAGE_TARNAME}'
dvidir='${docdir}'
exec_prefix='${prefix}'
host_alias=''
htmldir='${docdir}'
includedir='${prefix}/include'
infodir='${datarootdir}/info'
install_sh='${SHELL} /home/arlenhuang/spawncgi/install-sh'
libdir='${exec_prefix}/lib'
libexecdir='${exec_prefix}/libexec'
localedir='${datarootdir}/locale'
localstatedir='${prefix}/var'
mandir='${datarootdir}/man'
mkdir_p='/usr/bin/mkdir -p'
oldincludedir='/usr/include'
pdfdir='${docdir}'
prefix='/usr/local'
program_transform_name='s,x,x,'
psdir='${docdir}'
sbindir='${exec_prefix}/sbin'
sharedstatedir='${prefix}/com'
sysconfdir='${prefix}/etc'
target_alias=''

## ----------- ##
## confdefs.h. ##
## ----------- ##

/* confdefs.h */
#define PACKAGE_NAME "spawn-fcgi"
#define PACKAGE_TARNAME "spawn-fcgi"
#define PACKAGE_VERSION "1.6.3"
#define PACKAGE_STRING "spawn-fcgi 1.6.3"
#define PACKAGE_BUGREPORT ""
#define PACKAGE_URL ""
#define PACKAGE "spawn-fcgi"
#define VERSION "1.6.3"
#define STDC_HEADERS 1
#define HAVE_SYS_WAIT_H 1
#define HAVE_SYS_TYPES_H 1
#define HAVE_SYS_STAT_H 1
#define HAVE_STDLIB_H 1
#define HAVE_STRING_H 1
#define HAVE_MEMORY_H 1
#define HAVE_STRINGS_H 1
#define HAVE_INTTYPES_H 1
#define HAVE_STDINT_H 1
#define HAVE_UNISTD_H 1
#define HAVE_ARPA_INET_H 1
#define HAVE_ERRNO_H 1
#define HAVE_FCNTL_H 1
#define HAVE_GETOPT_H 1
#define HAVE_GRP_H 1
#define HAVE_NETDB_H 1
#define HAVE_NETINET_IN_H 1
#define HAVE_NETINET_TCP_H 1
#define HAVE_PWD_H 1
#define HAVE_STDIO_H 1
#define HAVE_STDLIB_H 1
#define HAVE_STRING_H 1
#define HAVE_SYS_IOCTL_H 1
#define HAVE_SYS_SOCKET_H 1
#define HAVE_SYS_STAT_H 1
#define HAVE_SYS_TIME_H 1
#define HAVE_SYS_TYPES_H 1
#define HAVE_SYS_UN_H 1
#define HAVE_SYS_WAIT_H 1
#define HAVE_UNISTD_H 1
#define TIME_WITH_SYS_TIME 1
#define HAVE_SOCKLEN_T 1
#define HAVE_UNISTD_H 1
#define HAVE_CHOWN 1
#define HAVE_FORK 1
#define HAVE_VFORK 1
#define HAVE_WORKING_VFORK 1
#define HAVE_WORKING_FORK 1
#define HAVE_STDLIB_H 1
#define HAVE_MALLOC 1
#define HAVE_SYS_SELECT_H 1
#define HAVE_SYS_SOCKET_H 1
#define SELECT_TYPE_ARG1 int
#define SELECT_TYPE_ARG234 (fd_set *)
#define SELECT_TYPE_ARG5 (struct timeval *)
#define LSTAT_FOLLOWS_SLASHED_SYMLINK 1
#define HAVE_DUP2 1
#define HAVE_MEMSET 1
#define HAVE_PUTENV 1
#define HAVE_SELECT 1
#define HAVE_SOCKET 1
#define HAVE_STRERROR 1
#define HAVE_STRTOL 1
#define HAVE_INET_PTON 1
#define HAVE_IPV6 1

configure: exit 0

## ---------------------- ##
## Running config.status. ##
## ---------------------- ##

This file was extended by spawn-fcgi config.status 1.6.3, which was
generated by GNU Autoconf 2.69.  Invocation command line was

  CONFIG_FILES    = 
  CONFIG_HEADERS  = 
  CONFIG_LINKS    = 
  CONFIG_COMMANDS = 
  $ ./config.status 

on VM-77-94-centos

config.status:895: creating Makefile
config.status:895: creating src/Makefile
config.status:895: creating doc/Makefile
config.status:895: creating config.h
config.status:1076: config.h is unchanged
config.status:1124: executing depfiles commands

## ---------------------- ##
## Running config.status. ##
## ---------------------- ##

This file was extended by spawn-fcgi config.status 1.6.3, which was
generated by GNU Autoconf 2.69.  Invocation command line was

  CONFIG_FILES    = 
  CONFIG_HEADERS  = 
  CONFIG_LINKS    = 
  CONFIG_COMMANDS = 
  $ ./config.status config.h

on VM-77-94-centos

config.status:895: creating config.h
config.status:1076: config.h is unchanged
