This file contains any messages produced by compilers while
running configure, to aid debugging if configure makes a mistake.

It was created by fcgi configure 2.4.2, which was
generated by GNU Autoconf 2.69.  Invocation command line was

  $ ./configure 

## --------- ##
## Platform. ##
## --------- ##

hostname = VM-77-94-centos
uname -m = x86_64
uname -r = 3.10.0-1160.11.1.el7.x86_64
uname -s = Linux
uname -v = #1 SMP Fri Dec 18 16:34:56 UTC 2020

/usr/bin/uname -p = x86_64
/bin/uname -X     = unknown

/bin/arch              = x86_64
/usr/bin/arch -k       = unknown
/usr/convex/getsysinfo = unknown
/usr/bin/hostinfo      = unknown
/bin/machine           = unknown
/usr/bin/oslevel       = unknown
/bin/universe          = unknown

PATH: /usr/local/sbin
PATH: /usr/local/bin
PATH: /usr/sbin
PATH: /usr/bin
PATH: /root/bin


## ----------- ##
## Core tests. ##
## ----------- ##

configure:2447: checking for a BSD-compatible install
configure:2515: result: /usr/bin/install -c
configure:2526: checking whether build environment is sane
configure:2581: result: yes
configure:2732: checking for a thread-safe mkdir -p
configure:2771: result: /usr/bin/mkdir -p
configure:2778: checking for gawk
configure:2794: found /usr/bin/gawk
configure:2805: result: gawk
configure:2816: checking whether make sets $(MAKE)
configure:2838: result: yes
configure:2867: checking whether make supports nested variables
configure:2884: result: yes
configure:3001: checking build system type
configure:3015: result: x86_64-unknown-linux-gnu
configure:3035: checking host system type
configure:3048: result: x86_64-unknown-linux-gnu
configure:3089: checking how to print strings
configure:3116: result: printf
configure:3149: checking for style of include used by make
configure:3177: result: GNU
configure:3248: checking for gcc
configure:3264: found /usr/bin/gcc
configure:3275: result: gcc
configure:3504: checking for C compiler version
configure:3513: gcc --version >&5
gcc (GCC) 4.8.5 20150623 (Red Hat 4.8.5-44)
Copyright (C) 2015 Free Software Foundation, Inc.
This is free software; see the source for copying conditions.  There is NO
warranty; not even for MERCHANTABILITY or FITNESS FOR A PARTICULAR PURPOSE.

configure:3524: $? = 0
configure:3513: gcc -v >&5
Using built-in specs.
COLLECT_GCC=gcc
COLLECT_LTO_WRAPPER=/usr/libexec/gcc/x86_64-redhat-linux/4.8.5/lto-wrapper
Target: x86_64-redhat-linux
Configured with: ../configure --prefix=/usr --mandir=/usr/share/man --infodir=/usr/share/info --with-bugurl=http://bugzilla.redhat.com/bugzilla --enable-bootstrap --enable-shared --enable-threads=posix --enable-checking=release --with-system-zlib --enable-__cxa_atexit --disable-libunwind-exceptions --enable-gnu-unique-object --enable-linker-build-id --with-linker-hash-style=gnu --enable-languages=c,c++,objc,obj-c++,java,fortran,ada,go,lto --enable-plugin --enable-initfini-array --disable-libgcj --with-isl=/builddir/build/BUILD/gcc-4.8.5-20150702/obj-x86_64-redhat-linux/isl-install --with-cloog=/builddir/build/BUILD/gcc-4.8.5-20150702/obj-x86_64-redhat-linux/cloog-install --enable-gnu-indirect-function --with-tune=generic --with-arch_32=x86-64 --build=x86_64-redhat-linux
Thread model: posix
gcc version 4.8.5 20150623 (Red Hat 4.8.5-44) (GCC) 
configure:3524: $? = 0
configure:3513: gcc -V >&5
gcc: error: unrecognized command line option '-V'
gcc: fatal error: no input files
compilation terminated.
configure:3524: $? = 4
configure:3513: gcc -qversion >&5
gcc: error: unrecognized command line option '-qversion'
gcc: fatal error: no input files
compilation terminated.
configure:3524: $? = 4
configure:3544: checking whether the C compiler works
configure:3566: gcc    conftest.c  >&5
configure:3570: $? = 0
configure:3618: result: yes
configure:3621: checking for C compiler default output file name
configure:3623: result: a.out
configure:3629: checking for suffix of executables
configure:3636: gcc -o conftest    conftest.c  >&5
configure:3640: $? = 0
configure:3662: result: 
configure:3684: checking whether we are cross compiling
configure:3692: gcc -o conftest    conftest.c  >&5
configure:3696: $? = 0
configure:3703: ./conftest
configure:3707: $? = 0
configure:3722: result: no
configure:3727: checking for suffix of object files
configure:3749: gcc -c   conftest.c >&5
configure:3753: $? = 0
configure:3774: result: o
configure:3778: checking whether we are using the GNU C compiler
configure:3797: gcc -c   conftest.c >&5
configure:3797: $? = 0
configure:3806: result: yes
configure:3815: checking whether gcc accepts -g
configure:3835: gcc -c -g  conftest.c >&5
configure:3835: $? = 0
configure:3876: result: yes
configure:3893: checking for gcc option to accept ISO C89
configure:3956: gcc  -c -g -O2  conftest.c >&5
configure:3956: $? = 0
configure:3969: result: none needed
configure:3991: checking dependency style of gcc
configure:4102: result: gcc3
configure:4117: checking for a sed that does not truncate output
configure:4181: result: /usr/bin/sed
configure:4199: checking for grep that handles long lines and -e
configure:4257: result: /usr/bin/grep
configure:4262: checking for egrep
configure:4324: result: /usr/bin/grep -E
configure:4329: checking for fgrep
configure:4391: result: /usr/bin/grep -F
configure:4426: checking for ld used by gcc
configure:4493: result: /usr/bin/ld
configure:4500: checking if the linker (/usr/bin/ld) is GNU ld
configure:4515: result: yes
configure:4527: checking for BSD- or MS-compatible name lister (nm)
configure:4576: result: /usr/bin/nm -B
configure:4706: checking the name lister (/usr/bin/nm -B) interface
configure:4713: gcc -c -g -O2  conftest.c >&5
configure:4716: /usr/bin/nm -B "conftest.o"
configure:4719: output
0000000000000000 B some_variable
configure:4726: result: BSD nm
configure:4729: checking whether ln -s works
configure:4733: result: yes
configure:4741: checking the maximum length of command line arguments
configure:4871: result: 1572864
configure:4888: checking whether the shell understands some XSI constructs
configure:4898: result: yes
configure:4902: checking whether the shell understands "+="
configure:4908: result: yes
configure:4943: checking how to convert x86_64-unknown-linux-gnu file names to x86_64-unknown-linux-gnu format
configure:4983: result: func_convert_file_noop
configure:4990: checking how to convert x86_64-unknown-linux-gnu file names to toolchain format
configure:5010: result: func_convert_file_noop
configure:5017: checking for /usr/bin/ld option to reload object files
configure:5024: result: -r
configure:5098: checking for objdump
configure:5114: found /usr/bin/objdump
configure:5125: result: objdump
configure:5154: checking how to recognize dependent libraries
configure:5356: result: pass_all
configure:5441: checking for dlltool
configure:5471: result: no
configure:5498: checking how to associate runtime and link libraries
configure:5525: result: printf %s\n
configure:5586: checking for ar
configure:5602: found /usr/bin/ar
configure:5613: result: ar
configure:5650: checking for archiver @FILE support
configure:5667: gcc -c -g -O2  conftest.c >&5
configure:5667: $? = 0
configure:5670: ar cru libconftest.a @conftest.lst >&5
configure:5673: $? = 0
configure:5678: ar cru libconftest.a @conftest.lst >&5
ar: conftest.o: No such file or directory
configure:5681: $? = 1
configure:5693: result: @
configure:5751: checking for strip
configure:5767: found /usr/bin/strip
configure:5778: result: strip
configure:5850: checking for ranlib
configure:5866: found /usr/bin/ranlib
configure:5877: result: ranlib
configure:5979: checking command to parse /usr/bin/nm -B output from gcc object
configure:6099: gcc -c -g -O2  conftest.c >&5
configure:6102: $? = 0
configure:6106: /usr/bin/nm -B conftest.o \| sed -n -e 's/^.*[ ]\([ABCDGIRSTW][ABCDGIRSTW]*\)[ ][ ]*\([_A-Za-z][_A-Za-z0-9]*\)$/\1 \2 \2/p' | sed '/ __gnu_lto/d' \> conftest.nm
configure:6109: $? = 0
configure:6175: gcc -o conftest -g -O2   conftest.c conftstm.o >&5
configure:6178: $? = 0
configure:6216: result: ok
configure:6253: checking for sysroot
configure:6283: result: no
configure:6360: gcc -c -g -O2  conftest.c >&5
configure:6363: $? = 0
configure:6539: checking for mt
configure:6569: result: no
configure:6589: checking if : is a manifest tool
configure:6595: : '-?'
configure:6603: result: no
configure:7245: checking how to run the C preprocessor
configure:7276: gcc -E  conftest.c
configure:7276: $? = 0
configure:7290: gcc -E  conftest.c
conftest.c:11:28: fatal error: ac_nonexistent.h: No such file or directory
 #include <ac_nonexistent.h>
                            ^
compilation terminated.
configure:7290: $? = 1
configure: failed program was:
| /* confdefs.h */
| #define PACKAGE_NAME "fcgi"
| #define PACKAGE_TARNAME "fcgi"
| #define PACKAGE_VERSION "2.4.2"
| #define PACKAGE_STRING "fcgi 2.4.2"
| #define PACKAGE_BUGREPORT ""
| #define PACKAGE_URL ""
| #define PACKAGE "fcgi"
| #define VERSION "2.4.2"
| /* end confdefs.h.  */
| #include <ac_nonexistent.h>
configure:7315: result: gcc -E
configure:7335: gcc -E  conftest.c
configure:7335: $? = 0
configure:7349: gcc -E  conftest.c
conftest.c:11:28: fatal error: ac_nonexistent.h: No such file or directory
 #include <ac_nonexistent.h>
                            ^
compilation terminated.
configure:7349: $? = 1
configure: failed program was:
| /* confdefs.h */
| #define PACKAGE_NAME "fcgi"
| #define PACKAGE_TARNAME "fcgi"
| #define PACKAGE_VERSION "2.4.2"
| #define PACKAGE_STRING "fcgi 2.4.2"
| #define PACKAGE_BUGREPORT ""
| #define PACKAGE_URL ""
| #define PACKAGE "fcgi"
| #define VERSION "2.4.2"
| /* end confdefs.h.  */
| #include <ac_nonexistent.h>
configure:7378: checking for ANSI C header files
configure:7398: gcc -c -g -O2  conftest.c >&5
configure:7398: $? = 0
configure:7471: gcc -o conftest -g -O2   conftest.c  >&5
configure:7471: $? = 0
configure:7471: ./conftest
configure:7471: $? = 0
configure:7482: result: yes
configure:7495: checking for sys/types.h
configure:7495: gcc -c -g -O2  conftest.c >&5
configure:7495: $? = 0
configure:7495: result: yes
configure:7495: checking for sys/stat.h
configure:7495: gcc -c -g -O2  conftest.c >&5
configure:7495: $? = 0
configure:7495: result: yes
configure:7495: checking for stdlib.h
configure:7495: gcc -c -g -O2  conftest.c >&5
configure:7495: $? = 0
configure:7495: result: yes
configure:7495: checking for string.h
configure:7495: gcc -c -g -O2  conftest.c >&5
configure:7495: $? = 0
configure:7495: result: yes
configure:7495: checking for memory.h
configure:7495: gcc -c -g -O2  conftest.c >&5
configure:7495: $? = 0
configure:7495: result: yes
configure:7495: checking for strings.h
configure:7495: gcc -c -g -O2  conftest.c >&5
configure:7495: $? = 0
configure:7495: result: yes
configure:7495: checking for inttypes.h
configure:7495: gcc -c -g -O2  conftest.c >&5
configure:7495: $? = 0
configure:7495: result: yes
configure:7495: checking for stdint.h
configure:7495: gcc -c -g -O2  conftest.c >&5
configure:7495: $? = 0
configure:7495: result: yes
configure:7495: checking for unistd.h
configure:7495: gcc -c -g -O2  conftest.c >&5
configure:7495: $? = 0
configure:7495: result: yes
configure:7509: checking for dlfcn.h
configure:7509: gcc -c -g -O2  conftest.c >&5
configure:7509: $? = 0
configure:7509: result: yes
configure:8013: checking for objdir
configure:8028: result: .libs
configure:8299: checking if gcc supports -fno-rtti -fno-exceptions
configure:8317: gcc -c -g -O2  -fno-rtti -fno-exceptions conftest.c >&5
cc1: warning: command line option '-fno-rtti' is valid for C++/ObjC++ but not for C [enabled by default]
configure:8321: $? = 0
configure:8334: result: no
configure:8661: checking for gcc option to produce PIC
configure:8668: result: -fPIC -DPIC
configure:8676: checking if gcc PIC flag -fPIC -DPIC works
configure:8694: gcc -c -g -O2  -fPIC -DPIC -DPIC conftest.c >&5
configure:8698: $? = 0
configure:8711: result: yes
configure:8740: checking if gcc static flag -static works
configure:8768: result: no
configure:8783: checking if gcc supports -c -o file.o
configure:8804: gcc -c -g -O2  -o out/conftest2.o conftest.c >&5
configure:8808: $? = 0
configure:8830: result: yes
configure:8838: checking if gcc supports -c -o file.o
configure:8885: result: yes
configure:8918: checking whether the gcc linker (/usr/bin/ld -m elf_x86_64) supports shared libraries
configure:10071: result: yes
configure:10108: checking whether -lc should be explicitly linked in
configure:10116: gcc -c -g -O2  conftest.c >&5
configure:10119: $? = 0
configure:10134: gcc -shared  -fPIC -DPIC conftest.o  -v -Wl,-soname -Wl,conftest -o conftest 2\>\&1 \| /usr/bin/grep  -lc  \>/dev/null 2\>\&1
configure:10137: $? = 0
configure:10151: result: no
configure:10311: checking dynamic linker characteristics
configure:10822: gcc -o conftest -g -O2   -Wl,-rpath -Wl,/foo conftest.c  >&5
configure:10822: $? = 0
configure:11048: result: GNU/Linux ld.so
configure:11155: checking how to hardcode library paths into programs
configure:11180: result: immediate
configure:11720: checking whether stripping libraries is possible
configure:11725: result: yes
configure:11760: checking if libtool supports shared libraries
configure:11762: result: yes
configure:11765: checking whether to build shared libraries
configure:11786: result: yes
configure:11789: checking whether to build static libraries
configure:11793: result: yes
configure:11879: checking for gcc
configure:11906: result: gcc
configure:12135: checking for C compiler version
configure:12144: gcc --version >&5
gcc (GCC) 4.8.5 20150623 (Red Hat 4.8.5-44)
Copyright (C) 2015 Free Software Foundation, Inc.
This is free software; see the source for copying conditions.  There is NO
warranty; not even for MERCHANTABILITY or FITNESS FOR A PARTICULAR PURPOSE.

configure:12155: $? = 0
configure:12144: gcc -v >&5
Using built-in specs.
COLLECT_GCC=gcc
COLLECT_LTO_WRAPPER=/usr/libexec/gcc/x86_64-redhat-linux/4.8.5/lto-wrapper
Target: x86_64-redhat-linux
Configured with: ../configure --prefix=/usr --mandir=/usr/share/man --infodir=/usr/share/info --with-bugurl=http://bugzilla.redhat.com/bugzilla --enable-bootstrap --enable-shared --enable-threads=posix --enable-checking=release --with-system-zlib --enable-__cxa_atexit --disable-libunwind-exceptions --enable-gnu-unique-object --enable-linker-build-id --with-linker-hash-style=gnu --enable-languages=c,c++,objc,obj-c++,java,fortran,ada,go,lto --enable-plugin --enable-initfini-array --disable-libgcj --with-isl=/builddir/build/BUILD/gcc-4.8.5-20150702/obj-x86_64-redhat-linux/isl-install --with-cloog=/builddir/build/BUILD/gcc-4.8.5-20150702/obj-x86_64-redhat-linux/cloog-install --enable-gnu-indirect-function --with-tune=generic --with-arch_32=x86-64 --build=x86_64-redhat-linux
Thread model: posix
gcc version 4.8.5 20150623 (Red Hat 4.8.5-44) (GCC) 
configure:12155: $? = 0
configure:12144: gcc -V >&5
gcc: error: unrecognized command line option '-V'
gcc: fatal error: no input files
compilation terminated.
configure:12155: $? = 4
configure:12144: gcc -qversion >&5
gcc: error: unrecognized command line option '-qversion'
gcc: fatal error: no input files
compilation terminated.
configure:12155: $? = 4
configure:12159: checking whether we are using the GNU C compiler
configure:12187: result: yes
configure:12196: checking whether gcc accepts -g
configure:12257: result: yes
configure:12274: checking for gcc option to accept ISO C89
configure:12350: result: none needed
configure:12372: checking dependency style of gcc
configure:12483: result: gcc3
configure:12503: checking how to run the C preprocessor
configure:12573: result: gcc -E
configure:12593: gcc -E  conftest.c
configure:12593: $? = 0
configure:12607: gcc -E  conftest.c
conftest.c:23:28: fatal error: ac_nonexistent.h: No such file or directory
 #include <ac_nonexistent.h>
                            ^
compilation terminated.
configure:12607: $? = 1
configure: failed program was:
| /* confdefs.h */
| #define PACKAGE_NAME "fcgi"
| #define PACKAGE_TARNAME "fcgi"
| #define PACKAGE_VERSION "2.4.2"
| #define PACKAGE_STRING "fcgi 2.4.2"
| #define PACKAGE_BUGREPORT ""
| #define PACKAGE_URL ""
| #define PACKAGE "fcgi"
| #define VERSION "2.4.2"
| #define STDC_HEADERS 1
| #define HAVE_SYS_TYPES_H 1
| #define HAVE_SYS_STAT_H 1
| #define HAVE_STDLIB_H 1
| #define HAVE_STRING_H 1
| #define HAVE_MEMORY_H 1
| #define HAVE_STRINGS_H 1
| #define HAVE_INTTYPES_H 1
| #define HAVE_STDINT_H 1
| #define HAVE_UNISTD_H 1
| #define HAVE_DLFCN_H 1
| #define LT_OBJDIR ".libs/"
| /* end confdefs.h.  */
| #include <ac_nonexistent.h>
configure:12696: checking for g++
configure:12712: found /usr/bin/g++
configure:12723: result: g++
configure:12750: checking for C++ compiler version
configure:12759: g++ --version >&5
g++ (GCC) 4.8.5 20150623 (Red Hat 4.8.5-44)
Copyright (C) 2015 Free Software Foundation, Inc.
This is free software; see the source for copying conditions.  There is NO
warranty; not even for MERCHANTABILITY or FITNESS FOR A PARTICULAR PURPOSE.

configure:12770: $? = 0
configure:12759: g++ -v >&5
Using built-in specs.
COLLECT_GCC=g++
COLLECT_LTO_WRAPPER=/usr/libexec/gcc/x86_64-redhat-linux/4.8.5/lto-wrapper
Target: x86_64-redhat-linux
Configured with: ../configure --prefix=/usr --mandir=/usr/share/man --infodir=/usr/share/info --with-bugurl=http://bugzilla.redhat.com/bugzilla --enable-bootstrap --enable-shared --enable-threads=posix --enable-checking=release --with-system-zlib --enable-__cxa_atexit --disable-libunwind-exceptions --enable-gnu-unique-object --enable-linker-build-id --with-linker-hash-style=gnu --enable-languages=c,c++,objc,obj-c++,java,fortran,ada,go,lto --enable-plugin --enable-initfini-array --disable-libgcj --with-isl=/builddir/build/BUILD/gcc-4.8.5-20150702/obj-x86_64-redhat-linux/isl-install --with-cloog=/builddir/build/BUILD/gcc-4.8.5-20150702/obj-x86_64-redhat-linux/cloog-install --enable-gnu-indirect-function --with-tune=generic --with-arch_32=x86-64 --build=x86_64-redhat-linux
Thread model: posix
gcc version 4.8.5 20150623 (Red Hat 4.8.5-44) (GCC) 
configure:12770: $? = 0
configure:12759: g++ -V >&5
g++: error: unrecognized command line option '-V'
g++: fatal error: no input files
compilation terminated.
configure:12770: $? = 4
configure:12759: g++ -qversion >&5
g++: error: unrecognized command line option '-qversion'
g++: fatal error: no input files
compilation terminated.
configure:12770: $? = 4
configure:12774: checking whether we are using the GNU C++ compiler
configure:12793: g++ -c   conftest.cpp >&5
configure:12793: $? = 0
configure:12802: result: yes
configure:12811: checking whether g++ accepts -g
configure:12831: g++ -c -g  conftest.cpp >&5
configure:12831: $? = 0
configure:12872: result: yes
configure:12897: checking dependency style of g++
configure:13008: result: gcc3
configure:13041: checking how to run the C++ preprocessor
configure:13068: g++ -E  conftest.cpp
configure:13068: $? = 0
configure:13082: g++ -E  conftest.cpp
conftest.cpp:23:28: fatal error: ac_nonexistent.h: No such file or directory
 #include <ac_nonexistent.h>
                            ^
compilation terminated.
configure:13082: $? = 1
configure: failed program was:
| /* confdefs.h */
| #define PACKAGE_NAME "fcgi"
| #define PACKAGE_TARNAME "fcgi"
| #define PACKAGE_VERSION "2.4.2"
| #define PACKAGE_STRING "fcgi 2.4.2"
| #define PACKAGE_BUGREPORT ""
| #define PACKAGE_URL ""
| #define PACKAGE "fcgi"
| #define VERSION "2.4.2"
| #define STDC_HEADERS 1
| #define HAVE_SYS_TYPES_H 1
| #define HAVE_SYS_STAT_H 1
| #define HAVE_STDLIB_H 1
| #define HAVE_STRING_H 1
| #define HAVE_MEMORY_H 1
| #define HAVE_STRINGS_H 1
| #define HAVE_INTTYPES_H 1
| #define HAVE_STDINT_H 1
| #define HAVE_UNISTD_H 1
| #define HAVE_DLFCN_H 1
| #define LT_OBJDIR ".libs/"
| /* end confdefs.h.  */
| #include <ac_nonexistent.h>
configure:13107: result: g++ -E
configure:13127: g++ -E  conftest.cpp
configure:13127: $? = 0
configure:13141: g++ -E  conftest.cpp
conftest.cpp:23:28: fatal error: ac_nonexistent.h: No such file or directory
 #include <ac_nonexistent.h>
                            ^
compilation terminated.
configure:13141: $? = 1
configure: failed program was:
| /* confdefs.h */
| #define PACKAGE_NAME "fcgi"
| #define PACKAGE_TARNAME "fcgi"
| #define PACKAGE_VERSION "2.4.2"
| #define PACKAGE_STRING "fcgi 2.4.2"
| #define PACKAGE_BUGREPORT ""
| #define PACKAGE_URL ""
| #define PACKAGE "fcgi"
| #define VERSION "2.4.2"
| #define STDC_HEADERS 1
| #define HAVE_SYS_TYPES_H 1
| #define HAVE_SYS_STAT_H 1
| #define HAVE_STDLIB_H 1
| #define HAVE_STRING_H 1
| #define HAVE_MEMORY_H 1
| #define HAVE_STRINGS_H 1
| #define HAVE_INTTYPES_H 1
| #define HAVE_STDINT_H 1
| #define HAVE_UNISTD_H 1
| #define HAVE_DLFCN_H 1
| #define LT_OBJDIR ".libs/"
| /* end confdefs.h.  */
| #include <ac_nonexistent.h>
configure:13310: checking for ld used by g++
configure:13377: result: /usr/bin/ld -m elf_x86_64
configure:13384: checking if the linker (/usr/bin/ld -m elf_x86_64) is GNU ld
configure:13399: result: yes
configure:13454: checking whether the g++ linker (/usr/bin/ld -m elf_x86_64) supports shared libraries
configure:14459: result: yes
configure:14495: g++ -c -g -O2  conftest.cpp >&5
configure:14498: $? = 0
configure:15018: checking for g++ option to produce PIC
configure:15025: result: -fPIC -DPIC
configure:15033: checking if g++ PIC flag -fPIC -DPIC works
configure:15051: g++ -c -g -O2  -fPIC -DPIC -DPIC conftest.cpp >&5
configure:15055: $? = 0
configure:15068: result: yes
configure:15091: checking if g++ static flag -static works
configure:15119: result: no
configure:15131: checking if g++ supports -c -o file.o
configure:15152: g++ -c -g -O2  -o out/conftest2.o conftest.cpp >&5
configure:15156: $? = 0
configure:15178: result: yes
configure:15183: checking if g++ supports -c -o file.o
configure:15230: result: yes
configure:15260: checking whether the g++ linker (/usr/bin/ld -m elf_x86_64) supports shared libraries
configure:15296: result: yes
configure:15437: checking dynamic linker characteristics
configure:16108: result: GNU/Linux ld.so
configure:16161: checking how to hardcode library paths into programs
configure:16186: result: immediate
configure:16234: checking whether g++ works
configure:16247: g++ -c -g -O2  conftest.cpp >&5
configure:16247: $? = 0
configure:16248: result: yes
configure:16252: checking whether cin has a streambuf assignment operator
configure:16265: g++ -c -g -O2  conftest.cpp >&5
conftest.cpp: In function 'int main()':
conftest.cpp:27:1: error: 'cin' was not declared in this scope
 cin = static_cast<streambuf *>(0);
 ^
conftest.cpp:27:1: note: suggested alternative:
In file included from conftest.cpp:23:0:
/usr/include/c++/4.8.2/iostream:60:18: note:   'std::cin'
   extern istream cin;  /// Linked to standard input
                  ^
conftest.cpp:27:19: error: expected type-specifier before 'streambuf'
 cin = static_cast<streambuf *>(0);
                   ^
conftest.cpp:27:19: error: expected '>' before 'streambuf'
conftest.cpp:27:19: error: expected '(' before 'streambuf'
conftest.cpp:27:19: error: 'streambuf' was not declared in this scope
conftest.cpp:27:19: note: suggested alternative:
In file included from /usr/include/c++/4.8.2/ios:38:0,
                 from /usr/include/c++/4.8.2/ostream:38,
                 from /usr/include/c++/4.8.2/iostream:39,
                 from conftest.cpp:23:
/usr/include/c++/4.8.2/iosfwd:130:34: note:   'std::streambuf'
   typedef basic_streambuf<char>  streambuf;
                                  ^
conftest.cpp:27:30: error: expected primary-expression before '>' token
 cin = static_cast<streambuf *>(0);
                              ^
conftest.cpp:27:34: error: expected ')' before ';' token
 cin = static_cast<streambuf *>(0);
                                  ^
configure:16265: $? = 1
configure: failed program was:
| /* confdefs.h */
| #define PACKAGE_NAME "fcgi"
| #define PACKAGE_TARNAME "fcgi"
| #define PACKAGE_VERSION "2.4.2"
| #define PACKAGE_STRING "fcgi 2.4.2"
| #define PACKAGE_BUGREPORT ""
| #define PACKAGE_URL ""
| #define PACKAGE "fcgi"
| #define VERSION "2.4.2"
| #define STDC_HEADERS 1
| #define HAVE_SYS_TYPES_H 1
| #define HAVE_SYS_STAT_H 1
| #define HAVE_STDLIB_H 1
| #define HAVE_STRING_H 1
| #define HAVE_MEMORY_H 1
| #define HAVE_STRINGS_H 1
| #define HAVE_INTTYPES_H 1
| #define HAVE_STDINT_H 1
| #define HAVE_UNISTD_H 1
| #define HAVE_DLFCN_H 1
| #define LT_OBJDIR ".libs/"
| /* end confdefs.h.  */
| #include <iostream>
| int
| main ()
| {
| cin = static_cast<streambuf *>(0);
|   ;
|   return 0;
| }
configure:16272: result: no
configure:16276: checking whether char_type is defined in the context of streambuf
configure:16289: g++ -c -g -O2  conftest.cpp >&5
configure:16289: $? = 0
configure:16290: result: yes
configure:16315: checking for gethostbyname in -lnsl
configure:16340: gcc -o conftest -g -O2   conftest.c -lnsl   >&5
configure:16340: $? = 0
configure:16349: result: yes
configure:16360: checking for socket in -lsocket
configure:16385: gcc -o conftest -g -O2   conftest.c -lsocket  -lnsl  >&5
/usr/bin/ld: cannot find -lsocket
collect2: error: ld returned 1 exit status
configure:16385: $? = 1
configure: failed program was:
| /* confdefs.h */
| #define PACKAGE_NAME "fcgi"
| #define PACKAGE_TARNAME "fcgi"
| #define PACKAGE_VERSION "2.4.2"
| #define PACKAGE_STRING "fcgi 2.4.2"
| #define PACKAGE_BUGREPORT ""
| #define PACKAGE_URL ""
| #define PACKAGE "fcgi"
| #define VERSION "2.4.2"
| #define STDC_HEADERS 1
| #define HAVE_SYS_TYPES_H 1
| #define HAVE_SYS_STAT_H 1
| #define HAVE_STDLIB_H 1
| #define HAVE_STRING_H 1
| #define HAVE_MEMORY_H 1
| #define HAVE_STRINGS_H 1
| #define HAVE_INTTYPES_H 1
| #define HAVE_STDINT_H 1
| #define HAVE_UNISTD_H 1
| #define HAVE_DLFCN_H 1
| #define LT_OBJDIR ".libs/"
| #define HAVE_STREAMBUF_CHAR_TYPE 1
| #define HAVE_LIBNSL 1
| /* end confdefs.h.  */
| 
| /* Override any GCC internal prototype to avoid an error.
|    Use char because int might match the return type of a GCC
|    builtin and then its argument prototype would still apply.  */
| #ifdef __cplusplus
| extern "C"
| #endif
| char socket ();
| int
| main ()
| {
| return socket ();
|   ;
|   return 0;
| }
configure:16394: result: no
configure:16412: checking pthread.h usability
configure:16412: gcc -c -g -O2  conftest.c >&5
configure:16412: $? = 0
configure:16412: result: yes
configure:16412: checking pthread.h presence
configure:16412: gcc -E  conftest.c
configure:16412: $? = 0
configure:16412: result: yes
configure:16412: checking for pthread.h
configure:16412: result: yes
configure:16524: checking for the pthreads library -lpthreads
configure:16557: gcc -o conftest -g -O2    conftest.c -lpthreads -lnsl  >&5
/usr/bin/ld: cannot find -lpthreads
collect2: error: ld returned 1 exit status
configure:16557: $? = 1
configure: failed program was:
| /* confdefs.h */
| #define PACKAGE_NAME "fcgi"
| #define PACKAGE_TARNAME "fcgi"
| #define PACKAGE_VERSION "2.4.2"
| #define PACKAGE_STRING "fcgi 2.4.2"
| #define PACKAGE_BUGREPORT ""
| #define PACKAGE_URL ""
| #define PACKAGE "fcgi"
| #define VERSION "2.4.2"
| #define STDC_HEADERS 1
| #define HAVE_SYS_TYPES_H 1
| #define HAVE_SYS_STAT_H 1
| #define HAVE_STDLIB_H 1
| #define HAVE_STRING_H 1
| #define HAVE_MEMORY_H 1
| #define HAVE_STRINGS_H 1
| #define HAVE_INTTYPES_H 1
| #define HAVE_STDINT_H 1
| #define HAVE_UNISTD_H 1
| #define HAVE_DLFCN_H 1
| #define LT_OBJDIR ".libs/"
| #define HAVE_STREAMBUF_CHAR_TYPE 1
| #define HAVE_LIBNSL 1
| /* end confdefs.h.  */
| #include <pthread.h>
| int
| main ()
| {
| pthread_t th; pthread_join(th, 0);
|                      pthread_attr_init(0); pthread_cleanup_push(0, 0);
|                      pthread_create(0,0,0,0); pthread_cleanup_pop(0);
|   ;
|   return 0;
| }
configure:16566: result: no
configure:16513: checking whether pthreads work without any flags
configure:16557: gcc -o conftest -g -O2    conftest.c  -lnsl  >&5
/tmp/ccL17vuo.o: In function `main':
/home/arlenhuang/fcgi2/conftest.c:29: undefined reference to `pthread_join'
/home/arlenhuang/fcgi2/conftest.c:30: undefined reference to `__pthread_register_cancel'
/home/arlenhuang/fcgi2/conftest.c:31: undefined reference to `pthread_create'
/home/arlenhuang/fcgi2/conftest.c:31: undefined reference to `__pthread_unregister_cancel'
collect2: error: ld returned 1 exit status
configure:16557: $? = 1
configure: failed program was:
| /* confdefs.h */
| #define PACKAGE_NAME "fcgi"
| #define PACKAGE_TARNAME "fcgi"
| #define PACKAGE_VERSION "2.4.2"
| #define PACKAGE_STRING "fcgi 2.4.2"
| #define PACKAGE_BUGREPORT ""
| #define PACKAGE_URL ""
| #define PACKAGE "fcgi"
| #define VERSION "2.4.2"
| #define STDC_HEADERS 1
| #define HAVE_SYS_TYPES_H 1
| #define HAVE_SYS_STAT_H 1
| #define HAVE_STDLIB_H 1
| #define HAVE_STRING_H 1
| #define HAVE_MEMORY_H 1
| #define HAVE_STRINGS_H 1
| #define HAVE_INTTYPES_H 1
| #define HAVE_STDINT_H 1
| #define HAVE_UNISTD_H 1
| #define HAVE_DLFCN_H 1
| #define LT_OBJDIR ".libs/"
| #define HAVE_STREAMBUF_CHAR_TYPE 1
| #define HAVE_LIBNSL 1
| /* end confdefs.h.  */
| #include <pthread.h>
| int
| main ()
| {
| pthread_t th; pthread_join(th, 0);
|                      pthread_attr_init(0); pthread_cleanup_push(0, 0);
|                      pthread_create(0,0,0,0); pthread_cleanup_pop(0);
|   ;
|   return 0;
| }
configure:16566: result: no
configure:16518: checking whether pthreads work with -Kthread
configure:16557: gcc -o conftest -g -O2 -Kthread   conftest.c  -lnsl  >&5
gcc: error: unrecognized command line option '-Kthread'
configure:16557: $? = 1
configure: failed program was:
| /* confdefs.h */
| #define PACKAGE_NAME "fcgi"
| #define PACKAGE_TARNAME "fcgi"
| #define PACKAGE_VERSION "2.4.2"
| #define PACKAGE_STRING "fcgi 2.4.2"
| #define PACKAGE_BUGREPORT ""
| #define PACKAGE_URL ""
| #define PACKAGE "fcgi"
| #define VERSION "2.4.2"
| #define STDC_HEADERS 1
| #define HAVE_SYS_TYPES_H 1
| #define HAVE_SYS_STAT_H 1
| #define HAVE_STDLIB_H 1
| #define HAVE_STRING_H 1
| #define HAVE_MEMORY_H 1
| #define HAVE_STRINGS_H 1
| #define HAVE_INTTYPES_H 1
| #define HAVE_STDINT_H 1
| #define HAVE_UNISTD_H 1
| #define HAVE_DLFCN_H 1
| #define LT_OBJDIR ".libs/"
| #define HAVE_STREAMBUF_CHAR_TYPE 1
| #define HAVE_LIBNSL 1
| /* end confdefs.h.  */
| #include <pthread.h>
| int
| main ()
| {
| pthread_t th; pthread_join(th, 0);
|                      pthread_attr_init(0); pthread_cleanup_push(0, 0);
|                      pthread_create(0,0,0,0); pthread_cleanup_pop(0);
|   ;
|   return 0;
| }
configure:16566: result: no
configure:16518: checking whether pthreads work with -kthread
configure:16557: gcc -o conftest -g -O2 -kthread   conftest.c  -lnsl  >&5
gcc: error: unrecognized command line option '-kthread'
configure:16557: $? = 1
configure: failed program was:
| /* confdefs.h */
| #define PACKAGE_NAME "fcgi"
| #define PACKAGE_TARNAME "fcgi"
| #define PACKAGE_VERSION "2.4.2"
| #define PACKAGE_STRING "fcgi 2.4.2"
| #define PACKAGE_BUGREPORT ""
| #define PACKAGE_URL ""
| #define PACKAGE "fcgi"
| #define VERSION "2.4.2"
| #define STDC_HEADERS 1
| #define HAVE_SYS_TYPES_H 1
| #define HAVE_SYS_STAT_H 1
| #define HAVE_STDLIB_H 1
| #define HAVE_STRING_H 1
| #define HAVE_MEMORY_H 1
| #define HAVE_STRINGS_H 1
| #define HAVE_INTTYPES_H 1
| #define HAVE_STDINT_H 1
| #define HAVE_UNISTD_H 1
| #define HAVE_DLFCN_H 1
| #define LT_OBJDIR ".libs/"
| #define HAVE_STREAMBUF_CHAR_TYPE 1
| #define HAVE_LIBNSL 1
| /* end confdefs.h.  */
| #include <pthread.h>
| int
| main ()
| {
| pthread_t th; pthread_join(th, 0);
|                      pthread_attr_init(0); pthread_cleanup_push(0, 0);
|                      pthread_create(0,0,0,0); pthread_cleanup_pop(0);
|   ;
|   return 0;
| }
configure:16566: result: no
configure:16524: checking for the pthreads library -llthread
configure:16557: gcc -o conftest -g -O2    conftest.c -llthread -lnsl  >&5
/usr/bin/ld: cannot find -llthread
collect2: error: ld returned 1 exit status
configure:16557: $? = 1
configure: failed program was:
| /* confdefs.h */
| #define PACKAGE_NAME "fcgi"
| #define PACKAGE_TARNAME "fcgi"
| #define PACKAGE_VERSION "2.4.2"
| #define PACKAGE_STRING "fcgi 2.4.2"
| #define PACKAGE_BUGREPORT ""
| #define PACKAGE_URL ""
| #define PACKAGE "fcgi"
| #define VERSION "2.4.2"
| #define STDC_HEADERS 1
| #define HAVE_SYS_TYPES_H 1
| #define HAVE_SYS_STAT_H 1
| #define HAVE_STDLIB_H 1
| #define HAVE_STRING_H 1
| #define HAVE_MEMORY_H 1
| #define HAVE_STRINGS_H 1
| #define HAVE_INTTYPES_H 1
| #define HAVE_STDINT_H 1
| #define HAVE_UNISTD_H 1
| #define HAVE_DLFCN_H 1
| #define LT_OBJDIR ".libs/"
| #define HAVE_STREAMBUF_CHAR_TYPE 1
| #define HAVE_LIBNSL 1
| /* end confdefs.h.  */
| #include <pthread.h>
| int
| main ()
| {
| pthread_t th; pthread_join(th, 0);
|                      pthread_attr_init(0); pthread_cleanup_push(0, 0);
|                      pthread_create(0,0,0,0); pthread_cleanup_pop(0);
|   ;
|   return 0;
| }
configure:16566: result: no
configure:16518: checking whether pthreads work with -pthread
configure:16557: gcc -o conftest -g -O2 -pthread   conftest.c  -lnsl  >&5
configure:16557: $? = 0
configure:16566: result: yes
configure:16586: checking for joinable pthread attribute
configure:16599: gcc -o conftest -g -O2 -pthread   conftest.c  -lnsl  >&5
configure:16599: $? = 0
configure:16631: result: PTHREAD_CREATE_JOINABLE
configure:16638: checking if more special flags are required for pthreads
configure:16645: result: no
configure:16657: checking for cc_r
configure:16685: result: gcc
configure:16714: checking for ssize_t
configure:16714: gcc -c -g -O2  conftest.c >&5
configure:16714: $? = 0
configure:16714: gcc -c -g -O2  conftest.c >&5
conftest.c: In function 'main':
conftest.c:61:22: error: expected expression before ')' token
 if (sizeof ((ssize_t)))
                      ^
configure:16714: $? = 1
configure: failed program was:
| /* confdefs.h */
| #define PACKAGE_NAME "fcgi"
| #define PACKAGE_TARNAME "fcgi"
| #define PACKAGE_VERSION "2.4.2"
| #define PACKAGE_STRING "fcgi 2.4.2"
| #define PACKAGE_BUGREPORT ""
| #define PACKAGE_URL ""
| #define PACKAGE "fcgi"
| #define VERSION "2.4.2"
| #define STDC_HEADERS 1
| #define HAVE_SYS_TYPES_H 1
| #define HAVE_SYS_STAT_H 1
| #define HAVE_STDLIB_H 1
| #define HAVE_STRING_H 1
| #define HAVE_MEMORY_H 1
| #define HAVE_STRINGS_H 1
| #define HAVE_INTTYPES_H 1
| #define HAVE_STDINT_H 1
| #define HAVE_UNISTD_H 1
| #define HAVE_DLFCN_H 1
| #define LT_OBJDIR ".libs/"
| #define HAVE_STREAMBUF_CHAR_TYPE 1
| #define HAVE_LIBNSL 1
| /* end confdefs.h.  */
| #include <stdio.h>
| #ifdef HAVE_SYS_TYPES_H
| # include <sys/types.h>
| #endif
| #ifdef HAVE_SYS_STAT_H
| # include <sys/stat.h>
| #endif
| #ifdef STDC_HEADERS
| # include <stdlib.h>
| # include <stddef.h>
| #else
| # ifdef HAVE_STDLIB_H
| #  include <stdlib.h>
| # endif
| #endif
| #ifdef HAVE_STRING_H
| # if !defined STDC_HEADERS && defined HAVE_MEMORY_H
| #  include <memory.h>
| # endif
| # include <string.h>
| #endif
| #ifdef HAVE_STRINGS_H
| # include <strings.h>
| #endif
| #ifdef HAVE_INTTYPES_H
| # include <inttypes.h>
| #endif
| #ifdef HAVE_STDINT_H
| # include <stdint.h>
| #endif
| #ifdef HAVE_UNISTD_H
| # include <unistd.h>
| #endif
| int
| main ()
| {
| if (sizeof ((ssize_t)))
| 	    return 0;
|   ;
|   return 0;
| }
configure:16714: result: yes
configure:16726: checking for sun_len in sys/un.h
configure:16741: result: no
configure:16747: checking for fpos_t in stdio.h
configure:16756: result: yes
configure:16771: checking sys/socket.h usability
configure:16771: gcc -c -g -O2  conftest.c >&5
configure:16771: $? = 0
configure:16771: result: yes
configure:16771: checking sys/socket.h presence
configure:16771: gcc -E  conftest.c
configure:16771: $? = 0
configure:16771: result: yes
configure:16771: checking for sys/socket.h
configure:16771: result: yes
configure:16771: checking netdb.h usability
configure:16771: gcc -c -g -O2  conftest.c >&5
configure:16771: $? = 0
configure:16771: result: yes
configure:16771: checking netdb.h presence
configure:16771: gcc -E  conftest.c
configure:16771: $? = 0
configure:16771: result: yes
configure:16771: checking for netdb.h
configure:16771: result: yes
configure:16771: checking netinet/in.h usability
configure:16771: gcc -c -g -O2  conftest.c >&5
configure:16771: $? = 0
configure:16771: result: yes
configure:16771: checking netinet/in.h presence
configure:16771: gcc -E  conftest.c
configure:16771: $? = 0
configure:16771: result: yes
configure:16771: checking for netinet/in.h
configure:16771: result: yes
configure:16771: checking arpa/inet.h usability
configure:16771: gcc -c -g -O2  conftest.c >&5
configure:16771: $? = 0
configure:16771: result: yes
configure:16771: checking arpa/inet.h presence
configure:16771: gcc -E  conftest.c
configure:16771: $? = 0
configure:16771: result: yes
configure:16771: checking for arpa/inet.h
configure:16771: result: yes
configure:16784: checking sys/time.h usability
configure:16784: gcc -c -g -O2  conftest.c >&5
configure:16784: $? = 0
configure:16784: result: yes
configure:16784: checking sys/time.h presence
configure:16784: gcc -E  conftest.c
configure:16784: $? = 0
configure:16784: result: yes
configure:16784: checking for sys/time.h
configure:16784: result: yes
configure:16784: checking limits.h usability
configure:16784: gcc -c -g -O2  conftest.c >&5
configure:16784: $? = 0
configure:16784: result: yes
configure:16784: checking limits.h presence
configure:16784: gcc -E  conftest.c
configure:16784: $? = 0
configure:16784: result: yes
configure:16784: checking for limits.h
configure:16784: result: yes
configure:16784: checking sys/param.h usability
configure:16784: gcc -c -g -O2  conftest.c >&5
configure:16784: $? = 0
configure:16784: result: yes
configure:16784: checking sys/param.h presence
configure:16784: gcc -E  conftest.c
configure:16784: $? = 0
configure:16784: result: yes
configure:16784: checking for sys/param.h
configure:16784: result: yes
configure:16784: checking for unistd.h
configure:16784: result: yes
configure:16795: checking for a fileno() prototype in stdio.h
configure:16804: result: yes
configure:16816: checking for socklen_t in sys/socket.h
configure:16825: result: yes
configure:16840: checking whether cross-process locking is required by accept()
configure:16851: result: no
configure:16860: checking whether va_arg(arg, long double) crashes the compiler
configure:16873: gcc -c -g -O2  conftest.c >&5
configure:16873: $? = 0
configure:16874: result: no
configure:16885: checking for an ANSI C-conforming const
configure:16951: gcc -c -g -O2  conftest.c >&5
configure:16951: $? = 0
configure:16958: result: yes
configure:16968: checking for strerror
configure:16968: gcc -o conftest -g -O2   conftest.c -lnsl  >&5
configure:16968: $? = 0
configure:16968: result: yes
configure:16983: checking for inline
configure:16999: gcc -c -g -O2  conftest.c >&5
configure:16999: $? = 0
configure:17007: result: inline
configure:17053: checking for C compiler warning flags
configure:17125: result: -Wall
configure:17267: checking that generated files are newer than configure
configure:17273: result: done
configure:17308: creating ./config.status

## ---------------------- ##
## Running config.status. ##
## ---------------------- ##

This file was extended by fcgi config.status 2.4.2, which was
generated by GNU Autoconf 2.69.  Invocation command line was

  CONFIG_FILES    = 
  CONFIG_HEADERS  = 
  CONFIG_LINKS    = 
  CONFIG_COMMANDS = 
  $ ./config.status 

on VM-77-94-centos

config.status:1176: creating Makefile
config.status:1176: creating cgi-fcgi/Makefile
config.status:1176: creating include/Makefile
config.status:1176: creating libfcgi/Makefile
config.status:1176: creating examples/Makefile
config.status:1176: creating fcgi.pc
config.status:1176: creating fcgi++.pc
config.status:1176: creating fcgi_config.h
config.status:1405: executing depfiles commands
config.status:1405: executing libtool commands

## ---------------- ##
## Cache variables. ##
## ---------------- ##

ac_cv_build=x86_64-unknown-linux-gnu
ac_cv_c_compiler_gnu=yes
ac_cv_c_const=yes
ac_cv_c_inline=inline
ac_cv_cxx_compiler_gnu=yes
ac_cv_env_CCC_set=
ac_cv_env_CCC_value=
ac_cv_env_CC_set=
ac_cv_env_CC_value=
ac_cv_env_CFLAGS_set=
ac_cv_env_CFLAGS_value=
ac_cv_env_CPPFLAGS_set=
ac_cv_env_CPPFLAGS_value=
ac_cv_env_CPP_set=
ac_cv_env_CPP_value=
ac_cv_env_CXXCPP_set=
ac_cv_env_CXXCPP_value=
ac_cv_env_CXXFLAGS_set=
ac_cv_env_CXXFLAGS_value=
ac_cv_env_CXX_set=
ac_cv_env_CXX_value=
ac_cv_env_LDFLAGS_set=
ac_cv_env_LDFLAGS_value=
ac_cv_env_LIBS_set=
ac_cv_env_LIBS_value=
ac_cv_env_build_alias_set=
ac_cv_env_build_alias_value=
ac_cv_env_host_alias_set=
ac_cv_env_host_alias_value=
ac_cv_env_target_alias_set=
ac_cv_env_target_alias_value=
ac_cv_func_strerror=yes
ac_cv_header_arpa_inet_h=yes
ac_cv_header_dlfcn_h=yes
ac_cv_header_inttypes_h=yes
ac_cv_header_limits_h=yes
ac_cv_header_memory_h=yes
ac_cv_header_netdb_h=yes
ac_cv_header_netinet_in_h=yes
ac_cv_header_pthread_h=yes
ac_cv_header_stdc=yes
ac_cv_header_stdint_h=yes
ac_cv_header_stdlib_h=yes
ac_cv_header_string_h=yes
ac_cv_header_strings_h=yes
ac_cv_header_sys_param_h=yes
ac_cv_header_sys_socket_h=yes
ac_cv_header_sys_stat_h=yes
ac_cv_header_sys_time_h=yes
ac_cv_header_sys_types_h=yes
ac_cv_header_unistd_h=yes
ac_cv_host=x86_64-unknown-linux-gnu
ac_cv_lib_nsl_gethostbyname=yes
ac_cv_lib_socket_socket=no
ac_cv_objext=o
ac_cv_path_EGREP='/usr/bin/grep -E'
ac_cv_path_FGREP='/usr/bin/grep -F'
ac_cv_path_GREP=/usr/bin/grep
ac_cv_path_SED=/usr/bin/sed
ac_cv_path_install='/usr/bin/install -c'
ac_cv_path_mkdir=/usr/bin/mkdir
ac_cv_prog_AWK=gawk
ac_cv_prog_CPP='gcc -E'
ac_cv_prog_CXXCPP='g++ -E'
ac_cv_prog_PTHREAD_CC=gcc
ac_cv_prog_ac_ct_AR=ar
ac_cv_prog_ac_ct_CC=gcc
ac_cv_prog_ac_ct_CXX=g++
ac_cv_prog_ac_ct_OBJDUMP=objdump
ac_cv_prog_ac_ct_RANLIB=ranlib
ac_cv_prog_ac_ct_STRIP=strip
ac_cv_prog_cc_c89=
ac_cv_prog_cc_g=yes
ac_cv_prog_cc_warnings=-Wall
ac_cv_prog_cxx_g=yes
ac_cv_prog_make_make_set=yes
ac_cv_type_ssize_t=yes
am_cv_CC_dependencies_compiler_type=gcc3
am_cv_CXX_dependencies_compiler_type=gcc3
am_cv_make_support_nested_variables=yes
lt_cv_ar_at_file=@
lt_cv_archive_cmds_need_lc=no
lt_cv_deplibs_check_method=pass_all
lt_cv_file_magic_cmd='$MAGIC_CMD'
lt_cv_file_magic_test_file=
lt_cv_ld_reload_flag=-r
lt_cv_nm_interface='BSD nm'
lt_cv_objdir=.libs
lt_cv_path_LD=/usr/bin/ld
lt_cv_path_LDCXX='/usr/bin/ld -m elf_x86_64'
lt_cv_path_NM='/usr/bin/nm -B'
lt_cv_path_mainfest_tool=no
lt_cv_prog_compiler_c_o=yes
lt_cv_prog_compiler_c_o_CXX=yes
lt_cv_prog_compiler_pic='-fPIC -DPIC'
lt_cv_prog_compiler_pic_CXX='-fPIC -DPIC'
lt_cv_prog_compiler_pic_works=yes
lt_cv_prog_compiler_pic_works_CXX=yes
lt_cv_prog_compiler_rtti_exceptions=no
lt_cv_prog_compiler_static_works=no
lt_cv_prog_compiler_static_works_CXX=no
lt_cv_prog_gnu_ld=yes
lt_cv_prog_gnu_ldcxx=yes
lt_cv_sharedlib_from_linklib_cmd='printf %s\n'
lt_cv_shlibpath_overrides_runpath=no
lt_cv_sys_global_symbol_pipe='sed -n -e '\''s/^.*[	 ]\([ABCDGIRSTW][ABCDGIRSTW]*\)[	 ][	 ]*\([_A-Za-z][_A-Za-z0-9]*\)$/\1 \2 \2/p'\'' | sed '\''/ __gnu_lto/d'\'''
lt_cv_sys_global_symbol_to_c_name_address='sed -n -e '\''s/^: \([^ ]*\)[ ]*$/  {\"\1\", (void *) 0},/p'\'' -e '\''s/^[ABCDGIRSTW]* \([^ ]*\) \([^ ]*\)$/  {"\2", (void *) \&\2},/p'\'''
lt_cv_sys_global_symbol_to_c_name_address_lib_prefix='sed -n -e '\''s/^: \([^ ]*\)[ ]*$/  {\"\1\", (void *) 0},/p'\'' -e '\''s/^[ABCDGIRSTW]* \([^ ]*\) \(lib[^ ]*\)$/  {"\2", (void *) \&\2},/p'\'' -e '\''s/^[ABCDGIRSTW]* \([^ ]*\) \([^ ]*\)$/  {"lib\2", (void *) \&\2},/p'\'''
lt_cv_sys_global_symbol_to_cdecl='sed -n -e '\''s/^T .* \(.*\)$/extern int \1();/p'\'' -e '\''s/^[ABCDGIRSTW]* .* \(.*\)$/extern char \1;/p'\'''
lt_cv_sys_max_cmd_len=1572864
lt_cv_to_host_file_cmd=func_convert_file_noop
lt_cv_to_tool_file_cmd=func_convert_file_noop

## ----------------- ##
## Output variables. ##
## ----------------- ##

ACLOCAL='${SHELL} /home/arlenhuang/fcgi2/missing aclocal-1.13'
AMDEPBACKSLASH='\'
AMDEP_FALSE='#'
AMDEP_TRUE=''
AMTAR='$${TAR-tar}'
AM_BACKSLASH='\'
AM_DEFAULT_V='$(AM_DEFAULT_VERBOSITY)'
AM_DEFAULT_VERBOSITY='1'
AM_V='$(V)'
AR='ar'
AS='as'
AUTOCONF='${SHELL} /home/arlenhuang/fcgi2/missing autoconf'
AUTOHEADER='${SHELL} /home/arlenhuang/fcgi2/missing autoheader'
AUTOMAKE='${SHELL} /home/arlenhuang/fcgi2/missing automake-1.13'
AWK='gawk'
CC='gcc'
CCDEPMODE='depmode=gcc3'
CFLAGS='-g -O2 -Wall'
CPP='gcc -E'
CPPFLAGS=''
CXX='g++'
CXXCPP='g++ -E'
CXXDEPMODE='depmode=gcc3'
CXXFLAGS='-g -O2'
CYGPATH_W='echo'
DEFS='-DHAVE_CONFIG_H'
DEPDIR='.deps'
DLLTOOL='false'
DSYMUTIL=''
DUMPBIN=''
ECHO_C=''
ECHO_CPP='echo-cpp'
ECHO_N='-n'
ECHO_T=''
EGREP='/usr/bin/grep -E'
EXEEXT=''
EXTRA_LIBS=''
FGREP='/usr/bin/grep -F'
GREP='/usr/bin/grep'
HAVE_EXAMPLES_FALSE='#'
HAVE_EXAMPLES_TRUE=''
INSTALL_DATA='${INSTALL} -m 644'
INSTALL_PROGRAM='${INSTALL}'
INSTALL_SCRIPT='${INSTALL}'
INSTALL_STRIP_PROGRAM='$(install_sh) -c -s'
LD='/usr/bin/ld -m elf_x86_64'
LDFLAGS=''
LIBFCGIXX='libfcgi++.la'
LIBOBJS=''
LIBS='-lnsl '
LIBTOOL='$(SHELL) $(top_builddir)/libtool'
LIPO=''
LN_S='ln -s'
LTLIBOBJS=''
MAKEINFO='${SHELL} /home/arlenhuang/fcgi2/missing makeinfo'
MANIFEST_TOOL=':'
MKDIR_P='/usr/bin/mkdir -p'
NM='/usr/bin/nm -B'
NMEDIT=''
OBJDUMP='objdump'
OBJEXT='o'
OTOOL64=''
OTOOL=''
PACKAGE='fcgi'
PACKAGE_BUGREPORT=''
PACKAGE_NAME='fcgi'
PACKAGE_STRING='fcgi 2.4.2'
PACKAGE_TARNAME='fcgi'
PACKAGE_URL=''
PACKAGE_VERSION='2.4.2'
PATH_SEPARATOR=':'
PTHREAD_CC='gcc'
PTHREAD_CFLAGS='-pthread'
PTHREAD_LIBS=''
RANLIB='ranlib'
SED='/usr/bin/sed'
SET_MAKE=''
SHELL='/bin/sh'
STRIP='strip'
SYSTEM='unix'
THREADED='threaded'
VERSION='2.4.2'
ac_ct_AR='ar'
ac_ct_CC='gcc'
ac_ct_CXX='g++'
ac_ct_DUMPBIN=''
am__EXEEXT_FALSE=''
am__EXEEXT_TRUE='#'
am__fastdepCC_FALSE='#'
am__fastdepCC_TRUE=''
am__fastdepCXX_FALSE='#'
am__fastdepCXX_TRUE=''
am__include='include'
am__isrc=''
am__leading_dot='.'
am__nodep='_no'
am__quote=''
am__tar='$${TAR-tar} chof - "$$tardir"'
am__untar='$${TAR-tar} xf -'
bindir='${exec_prefix}/bin'
build='x86_64-unknown-linux-gnu'
build_alias=''
build_cpu='x86_64'
build_os='linux-gnu'
build_vendor='unknown'
datadir='${datarootdir}'
datarootdir='${prefix}/share'
docdir='${datarootdir}/doc/${PACKAGE_TARNAME}'
dvidir='${docdir}'
exec_prefix='${prefix}'
host='x86_64-unknown-linux-gnu'
host_alias=''
host_cpu='x86_64'
host_os='linux-gnu'
host_vendor='unknown'
htmldir='${docdir}'
includedir='${prefix}/include'
infodir='${datarootdir}/info'
install_sh='${SHELL} /home/arlenhuang/fcgi2/install-sh'
libdir='${exec_prefix}/lib'
libexecdir='${exec_prefix}/libexec'
localedir='${datarootdir}/locale'
localstatedir='${prefix}/var'
mandir='${datarootdir}/man'
mkdir_p='$(MKDIR_P)'
oldincludedir='/usr/include'
pdfdir='${docdir}'
pkgconfigdir='${libdir}/pkgconfig'
prefix='/usr/local'
program_transform_name='s,x,x,'
psdir='${docdir}'
sbindir='${exec_prefix}/sbin'
sharedstatedir='${prefix}/com'
sysconfdir='${prefix}/etc'
target_alias=''

## ----------- ##
## confdefs.h. ##
## ----------- ##

/* confdefs.h */
#define PACKAGE_NAME "fcgi"
#define PACKAGE_TARNAME "fcgi"
#define PACKAGE_VERSION "2.4.2"
#define PACKAGE_STRING "fcgi 2.4.2"
#define PACKAGE_BUGREPORT ""
#define PACKAGE_URL ""
#define PACKAGE "fcgi"
#define VERSION "2.4.2"
#define STDC_HEADERS 1
#define HAVE_SYS_TYPES_H 1
#define HAVE_SYS_STAT_H 1
#define HAVE_STDLIB_H 1
#define HAVE_STRING_H 1
#define HAVE_MEMORY_H 1
#define HAVE_STRINGS_H 1
#define HAVE_INTTYPES_H 1
#define HAVE_STDINT_H 1
#define HAVE_UNISTD_H 1
#define HAVE_DLFCN_H 1
#define LT_OBJDIR ".libs/"
#define HAVE_STREAMBUF_CHAR_TYPE 1
#define HAVE_LIBNSL 1
#define HAVE_FPOS 1
#define HAVE_SYS_SOCKET_H 1
#define HAVE_NETDB_H 1
#define HAVE_NETINET_IN_H 1
#define HAVE_ARPA_INET_H 1
#define HAVE_SYS_TIME_H 1
#define HAVE_LIMITS_H 1
#define HAVE_SYS_PARAM_H 1
#define HAVE_UNISTD_H 1
#define HAVE_FILENO_PROTO 1
#define HAVE_SOCKLEN 1
#define HAVE_STRERROR 1

configure: exit 0
